2025-09-30 12:34:47.744 -04:00 [INF] APIHeartbeat: API GateWay is healthy.
2025-09-30 12:34:47.824 -04:00 [INF] APIHeartbeat: Snake is healthy.
2025-09-30 12:34:51.892 -04:00 [ERR] APIHeartbeat: Tetris heartbeat failed - No connection could be made because the target machine actively refused it. (localhost:2626) url: https://localhost:2626/health
2025-09-30 12:34:51.996 -04:00 [INF] APIHeartbeat: Pong is healthy.
2025-09-30 14:56:45.271 -04:00 [INF] APIHeartbeat: API GateWay is healthy.
2025-09-30 14:56:45.324 -04:00 [INF] APIHeartbeat: Snake is healthy.
2025-09-30 14:56:45.380 -04:00 [INF] APIHeartbeat: Tetris is healthy.
2025-09-30 14:56:45.447 -04:00 [INF] APIHeartbeat: Pong is healthy.
2025-09-30 14:57:34.940 -04:00 [INF] APIHeartbeat: API GateWay is healthy.
2025-09-30 14:57:34.983 -04:00 [INF] APIHeartbeat: Snake is healthy.
2025-09-30 14:57:35.008 -04:00 [INF] APIHeartbeat: Tetris is healthy.
2025-09-30 14:57:35.030 -04:00 [INF] APIHeartbeat: Pong is healthy.
2025-09-30 15:00:11.512 -04:00 [INF] APIHeartbeat: API GateWay is healthy.
2025-09-30 15:00:11.549 -04:00 [INF] APIHeartbeat: Snake is healthy.
2025-09-30 15:00:11.592 -04:00 [INF] APIHeartbeat: Tetris is healthy.
2025-09-30 15:00:11.631 -04:00 [INF] APIHeartbeat: Pong is healthy.
2025-09-30 15:05:11.708 -04:00 [INF] APIHeartbeat: API GateWay is healthy.
2025-09-30 15:05:11.764 -04:00 [INF] APIHeartbeat: Snake is healthy.
2025-09-30 15:05:11.823 -04:00 [INF] APIHeartbeat: Tetris is healthy.
2025-09-30 15:05:11.883 -04:00 [INF] APIHeartbeat: Pong is healthy.
2025-09-30 15:10:11.969 -04:00 [INF] APIHeartbeat: API GateWay is healthy.
2025-09-30 15:10:12.018 -04:00 [INF] APIHeartbeat: Snake is healthy.
2025-09-30 15:10:12.064 -04:00 [INF] APIHeartbeat: Tetris is healthy.
2025-09-30 15:10:12.105 -04:00 [INF] APIHeartbeat: Pong is healthy.
2025-09-30 15:15:12.157 -04:00 [INF] APIHeartbeat: API GateWay is healthy.
2025-09-30 15:15:12.206 -04:00 [INF] APIHeartbeat: Snake is healthy.
2025-09-30 15:15:12.266 -04:00 [INF] APIHeartbeat: Tetris is healthy.
2025-09-30 15:15:12.310 -04:00 [INF] APIHeartbeat: Pong is healthy.
2025-09-30 15:20:12.369 -04:00 [INF] APIHeartbeat: API GateWay is healthy.
2025-09-30 15:20:12.413 -04:00 [INF] APIHeartbeat: Snake is healthy.
2025-09-30 15:20:12.459 -04:00 [INF] APIHeartbeat: Tetris is healthy.
2025-09-30 15:20:12.514 -04:00 [INF] APIHeartbeat: Pong is healthy.
2025-09-30 15:25:12.584 -04:00 [INF] APIHeartbeat: API GateWay is healthy.
2025-09-30 15:25:12.655 -04:00 [INF] APIHeartbeat: Snake is healthy.
2025-09-30 15:25:12.691 -04:00 [INF] APIHeartbeat: Tetris is healthy.
2025-09-30 15:25:12.756 -04:00 [INF] APIHeartbeat: Pong is healthy.
2025-09-30 15:30:12.836 -04:00 [INF] APIHeartbeat: API GateWay is healthy.
2025-09-30 15:30:12.887 -04:00 [INF] APIHeartbeat: Snake is healthy.
2025-09-30 15:30:12.938 -04:00 [INF] APIHeartbeat: Tetris is healthy.
2025-09-30 15:30:12.996 -04:00 [INF] APIHeartbeat: Pong is healthy.
2025-09-30 15:35:13.051 -04:00 [INF] APIHeartbeat: API GateWay is healthy.
2025-09-30 15:35:13.082 -04:00 [INF] APIHeartbeat: Snake is healthy.
2025-09-30 15:35:13.114 -04:00 [INF] APIHeartbeat: Tetris is healthy.
2025-09-30 15:35:13.145 -04:00 [INF] APIHeartbeat: Pong is healthy.
2025-09-30 15:40:13.206 -04:00 [INF] APIHeartbeat: API GateWay is healthy.
2025-09-30 15:40:13.243 -04:00 [INF] APIHeartbeat: Snake is healthy.
2025-09-30 15:40:13.272 -04:00 [INF] APIHeartbeat: Tetris is healthy.
2025-09-30 15:40:13.298 -04:00 [INF] APIHeartbeat: Pong is healthy.
2025-09-30 15:45:13.373 -04:00 [INF] APIHeartbeat: API GateWay is healthy.
2025-09-30 15:45:13.431 -04:00 [INF] APIHeartbeat: Snake is healthy.
2025-09-30 15:45:13.485 -04:00 [INF] APIHeartbeat: Tetris is healthy.
2025-09-30 15:45:13.516 -04:00 [INF] APIHeartbeat: Pong is healthy.
2025-09-30 15:50:13.571 -04:00 [INF] APIHeartbeat: API GateWay is healthy.
2025-09-30 15:50:13.598 -04:00 [INF] APIHeartbeat: Snake is healthy.
2025-09-30 15:50:13.626 -04:00 [INF] APIHeartbeat: Tetris is healthy.
2025-09-30 15:50:13.655 -04:00 [INF] APIHeartbeat: Pong is healthy.
