2025-09-30 15:22:07.880 -04:00 [INF] User profile is available. Using 'C:\Users\zealo\AppData\Local\ASP.NET\DataProtection-Keys' as key repository and Windows DPAPI to encrypt keys at rest.
2025-09-30 15:22:09.002 -04:00 [INF] Start processing HTTP request GET "https://localhost:4141/health"
2025-09-30 15:22:09.352 -04:00 [INF] Sending HTTP request GET "https://localhost:4141/health"
2025-09-30 15:22:13.729 -04:00 [INF] Now listening on: https://localhost:7182
2025-09-30 15:22:13.769 -04:00 [INF] Now listening on: http://localhost:5230
2025-09-30 15:22:13.812 -04:00 [INF] Received HTTP response headers after 4129.5088ms - 200
2025-09-30 15:22:13.825 -04:00 [INF] End processing HTTP request after 4871.7847ms - 200
2025-09-30 15:22:13.917 -04:00 [INF] APIHeartbeat: API GateWay is healthy.
2025-09-30 15:22:14.079 -04:00 [INF] Application started. Press Ctrl+C to shut down.
2025-09-30 15:22:14.156 -04:00 [INF] Start processing HTTP request GET "https://localhost:1948/health"
2025-09-30 15:22:14.244 -04:00 [INF] Hosting environment: Development
2025-09-30 15:22:14.353 -04:00 [INF] Sending HTTP request GET "https://localhost:1948/health"
2025-09-30 15:22:14.794 -04:00 [INF] Content root path: C:\Users\zealo\Downloads\GGB_Buckstop_-main\GGB_Buckstop_-main\Bucstop WebApp\BucStop\
2025-09-30 15:25:06.594 -04:00 [INF] User profile is available. Using 'C:\Users\zealo\AppData\Local\ASP.NET\DataProtection-Keys' as key repository and Windows DPAPI to encrypt keys at rest.
2025-09-30 15:25:07.953 -04:00 [INF] Start processing HTTP request GET "https://localhost:4141/health"
2025-09-30 15:25:08.061 -04:00 [INF] Sending HTTP request GET "https://localhost:4141/health"
2025-09-30 15:25:09.429 -04:00 [INF] Now listening on: https://localhost:7182
2025-09-30 15:25:09.490 -04:00 [INF] Now listening on: http://localhost:5230
2025-09-30 15:25:09.667 -04:00 [INF] Application started. Press Ctrl+C to shut down.
2025-09-30 15:25:09.722 -04:00 [INF] Hosting environment: Development
2025-09-30 15:25:09.742 -04:00 [INF] Content root path: C:\Users\zealo\Downloads\GGB_Buckstop_-main\GGB_Buckstop_-main\Bucstop WebApp\BucStop\
2025-09-30 15:25:09.769 -04:00 [INF] Received HTTP response headers after 1585.5838ms - 200
2025-09-30 15:25:09.799 -04:00 [INF] End processing HTTP request after 1876.7866ms - 200
2025-09-30 15:25:09.817 -04:00 [INF] APIHeartbeat: API GateWay is healthy.
2025-09-30 15:25:09.835 -04:00 [INF] Start processing HTTP request GET "https://localhost:1948/health"
2025-09-30 15:25:09.846 -04:00 [INF] Sending HTTP request GET "https://localhost:1948/health"
2025-09-30 15:25:10.188 -04:00 [INF] Received HTTP response headers after 336.6436ms - 200
2025-09-30 15:25:10.195 -04:00 [INF] End processing HTTP request after 359.6965ms - 200
2025-09-30 15:25:10.283 -04:00 [INF] APIHeartbeat: Snake is healthy.
2025-09-30 15:25:10.294 -04:00 [INF] Start processing HTTP request GET "https://localhost:2626/health"
2025-09-30 15:25:10.296 -04:00 [INF] Sending HTTP request GET "https://localhost:2626/health"
2025-09-30 15:25:10.420 -04:00 [INF] Request starting HTTP/2 GET https://localhost:7182/ - -
2025-09-30 15:25:10.495 -04:00 [INF] Received HTTP response headers after 190.3054ms - 200
2025-09-30 15:25:10.501 -04:00 [INF] End processing HTTP request after 206.9607ms - 200
2025-09-30 15:25:10.504 -04:00 [INF] APIHeartbeat: Tetris is healthy.
2025-09-30 15:25:10.507 -04:00 [INF] Start processing HTTP request GET "https://localhost:1941/health"
2025-09-30 15:25:10.515 -04:00 [INF] Sending HTTP request GET "https://localhost:1941/health"
2025-09-30 15:25:10.768 -04:00 [INF] Executing endpoint 'BucStop.Controllers.HomeController.Index (BucStop)'
2025-09-30 15:25:11.200 -04:00 [INF] Route matched with {action = "Index", controller = "Home"}. Executing controller action with signature System.Threading.Tasks.Task`1[Microsoft.AspNetCore.Mvc.IActionResult] Index() on controller BucStop.Controllers.HomeController (BucStop).
2025-09-30 15:25:11.395 -04:00 [INF] Start processing HTTP request GET "https://localhost:4141/Gateway"
2025-09-30 15:25:11.425 -04:00 [INF] Sending HTTP request GET "https://localhost:4141/Gateway"
2025-09-30 15:25:11.789 -04:00 [INF] Received HTTP response headers after 1268.4636ms - 200
2025-09-30 15:25:11.800 -04:00 [INF] End processing HTTP request after 1292.5883ms - 200
2025-09-30 15:25:11.803 -04:00 [INF] APIHeartbeat: Pong is healthy.
2025-09-30 15:27:00.762 -04:00 [INF] User profile is available. Using 'C:\Users\zealo\AppData\Local\ASP.NET\DataProtection-Keys' as key repository and Windows DPAPI to encrypt keys at rest.
2025-09-30 15:27:01.692 -04:00 [INF] Start processing HTTP request GET "https://localhost:4141/health"
2025-09-30 15:27:02.038 -04:00 [INF] Sending HTTP request GET "https://localhost:4141/health"
2025-09-30 15:27:02.777 -04:00 [INF] Now listening on: https://localhost:7182
2025-09-30 15:27:02.780 -04:00 [INF] Now listening on: http://localhost:5230
2025-09-30 15:27:02.806 -04:00 [INF] Received HTTP response headers after 591.354ms - 200
2025-09-30 15:27:02.825 -04:00 [INF] End processing HTTP request after 1151.6077ms - 200
2025-09-30 15:27:02.842 -04:00 [INF] APIHeartbeat: API GateWay is healthy.
2025-09-30 15:27:02.849 -04:00 [INF] Start processing HTTP request GET "https://localhost:1948/health"
2025-09-30 15:27:02.850 -04:00 [INF] Sending HTTP request GET "https://localhost:1948/health"
2025-09-30 15:27:02.873 -04:00 [INF] Application started. Press Ctrl+C to shut down.
2025-09-30 15:27:02.875 -04:00 [INF] Hosting environment: Development
2025-09-30 15:27:02.877 -04:00 [INF] Content root path: C:\Users\zealo\Downloads\GGB_Buckstop_-main\GGB_Buckstop_-main\Bucstop WebApp\BucStop\
2025-09-30 15:27:02.933 -04:00 [INF] Received HTTP response headers after 81.757ms - 200
2025-09-30 15:27:02.935 -04:00 [INF] End processing HTTP request after 86.4222ms - 200
2025-09-30 15:27:02.938 -04:00 [INF] APIHeartbeat: Snake is healthy.
2025-09-30 15:27:02.939 -04:00 [INF] Start processing HTTP request GET "https://localhost:2626/health"
2025-09-30 15:27:02.941 -04:00 [INF] Sending HTTP request GET "https://localhost:2626/health"
2025-09-30 15:27:03.062 -04:00 [INF] Received HTTP response headers after 119.8133ms - 200
2025-09-30 15:27:03.065 -04:00 [INF] End processing HTTP request after 125.755ms - 200
2025-09-30 15:27:03.067 -04:00 [INF] APIHeartbeat: Tetris is healthy.
2025-09-30 15:27:03.068 -04:00 [INF] Start processing HTTP request GET "https://localhost:1941/health"
2025-09-30 15:27:03.070 -04:00 [INF] Sending HTTP request GET "https://localhost:1941/health"
2025-09-30 15:28:37.256 -04:00 [INF] User profile is available. Using 'C:\Users\zealo\AppData\Local\ASP.NET\DataProtection-Keys' as key repository and Windows DPAPI to encrypt keys at rest.
2025-09-30 15:28:37.679 -04:00 [INF] Start processing HTTP request GET "https://localhost:4141/health"
2025-09-30 15:28:37.776 -04:00 [INF] Sending HTTP request GET "https://localhost:4141/health"
2025-09-30 15:28:38.490 -04:00 [INF] Now listening on: https://localhost:7182
2025-09-30 15:28:38.510 -04:00 [INF] Now listening on: http://localhost:5230
2025-09-30 15:28:38.689 -04:00 [INF] Application started. Press Ctrl+C to shut down.
2025-09-30 15:28:38.692 -04:00 [INF] Received HTTP response headers after 879.069ms - 200
2025-09-30 15:28:38.694 -04:00 [INF] Hosting environment: Development
2025-09-30 15:28:38.701 -04:00 [INF] End processing HTTP request after 1042.0758ms - 200
2025-09-30 15:28:38.706 -04:00 [INF] Content root path: C:\Users\zealo\Downloads\GGB_Buckstop_-main\GGB_Buckstop_-main\Bucstop WebApp\BucStop\
2025-09-30 15:28:38.718 -04:00 [INF] APIHeartbeat: API GateWay is healthy.
2025-09-30 15:28:38.734 -04:00 [INF] Start processing HTTP request GET "https://localhost:1948/health"
2025-09-30 15:28:38.740 -04:00 [INF] Sending HTTP request GET "https://localhost:1948/health"
2025-09-30 15:28:39.054 -04:00 [INF] Request starting HTTP/2 GET https://localhost:7182/ - -
2025-09-30 15:28:39.066 -04:00 [INF] Received HTTP response headers after 215.001ms - 200
2025-09-30 15:28:39.074 -04:00 [INF] End processing HTTP request after 339.2096ms - 200
2025-09-30 15:28:39.077 -04:00 [INF] APIHeartbeat: Snake is healthy.
2025-09-30 15:28:39.079 -04:00 [INF] Start processing HTTP request GET "https://localhost:2626/health"
2025-09-30 15:28:39.087 -04:00 [INF] Sending HTTP request GET "https://localhost:2626/health"
2025-09-30 15:30:11.001 -04:00 [INF] User profile is available. Using 'C:\Users\zealo\AppData\Local\ASP.NET\DataProtection-Keys' as key repository and Windows DPAPI to encrypt keys at rest.
2025-09-30 15:30:11.166 -04:00 [INF] Start processing HTTP request GET "https://localhost:4141/health"
2025-09-30 15:30:11.182 -04:00 [INF] Sending HTTP request GET "https://localhost:4141/health"
2025-09-30 15:30:11.469 -04:00 [INF] Now listening on: https://localhost:7182
2025-09-30 15:30:11.470 -04:00 [INF] Now listening on: http://localhost:5230
2025-09-30 15:30:11.510 -04:00 [INF] Received HTTP response headers after 321.784ms - 200
2025-09-30 15:30:11.514 -04:00 [INF] End processing HTTP request after 359.5864ms - 200
2025-09-30 15:30:11.523 -04:00 [INF] APIHeartbeat: API GateWay is healthy.
2025-09-30 15:30:11.529 -04:00 [INF] Start processing HTTP request GET "https://localhost:1948/health"
2025-09-30 15:30:11.530 -04:00 [INF] Sending HTTP request GET "https://localhost:1948/health"
2025-09-30 15:30:11.549 -04:00 [INF] Application started. Press Ctrl+C to shut down.
2025-09-30 15:30:11.550 -04:00 [INF] Hosting environment: Development
2025-09-30 15:30:11.551 -04:00 [INF] Content root path: C:\Users\zealo\Downloads\GGB_Buckstop_-main\GGB_Buckstop_-main\Bucstop WebApp\BucStop\
2025-09-30 15:30:11.577 -04:00 [INF] Received HTTP response headers after 47.0532ms - 200
2025-09-30 15:30:11.578 -04:00 [INF] End processing HTTP request after 49.7003ms - 200
2025-09-30 15:30:11.579 -04:00 [INF] APIHeartbeat: Snake is healthy.
2025-09-30 15:30:11.580 -04:00 [INF] Start processing HTTP request GET "https://localhost:2626/health"
2025-09-30 15:30:11.581 -04:00 [INF] Sending HTTP request GET "https://localhost:2626/health"
2025-09-30 15:30:11.647 -04:00 [INF] Received HTTP response headers after 64.6304ms - 200
2025-09-30 15:30:11.680 -04:00 [INF] End processing HTTP request after 99.6596ms - 200
2025-09-30 15:30:11.682 -04:00 [INF] APIHeartbeat: Tetris is healthy.
2025-09-30 15:30:11.696 -04:00 [INF] Start processing HTTP request GET "https://localhost:1941/health"
2025-09-30 15:30:11.704 -04:00 [INF] Sending HTTP request GET "https://localhost:1941/health"
2025-09-30 15:30:12.115 -04:00 [INF] Request starting HTTP/2 GET https://localhost:7182/ - -
2025-09-30 15:30:12.191 -04:00 [INF] Received HTTP response headers after 484.5284ms - 200
2025-09-30 15:30:12.198 -04:00 [INF] End processing HTTP request after 502.1921ms - 200
2025-09-30 15:30:12.202 -04:00 [INF] APIHeartbeat: Pong is healthy.
2025-09-30 15:30:12.360 -04:00 [INF] Executing endpoint 'BucStop.Controllers.HomeController.Index (BucStop)'
2025-09-30 15:30:12.429 -04:00 [INF] Route matched with {action = "Index", controller = "Home"}. Executing controller action with signature System.Threading.Tasks.Task`1[Microsoft.AspNetCore.Mvc.IActionResult] Index() on controller BucStop.Controllers.HomeController (BucStop).
2025-09-30 15:30:12.441 -04:00 [INF] Start processing HTTP request GET "https://localhost:4141/Gateway"
2025-09-30 15:30:12.443 -04:00 [INF] Sending HTTP request GET "https://localhost:4141/Gateway"
2025-09-30 15:30:12.809 -04:00 [INF] Received HTTP response headers after 364.1322ms - 200
2025-09-30 15:30:12.810 -04:00 [INF] End processing HTTP request after 368.7222ms - 200
2025-09-30 15:30:12.838 -04:00 [INF] Successfully retrieved 2 games from API.
2025-09-30 15:30:12.841 -04:00 [INF] Game ID 2 Content URL: https://localhost:2626/js/tetris.js
2025-09-30 15:30:12.843 -04:00 [INF] Game ID 1 Content URL: https://localhost:1948/js/snake.js
2025-09-30 15:30:12.864 -04:00 [INF] Executing ViewResult, running view Index.
2025-09-30 15:30:13.275 -04:00 [INF] Executed ViewResult - view Index executed in 417.6478ms.
2025-09-30 15:30:13.278 -04:00 [INF] Executed action BucStop.Controllers.HomeController.Index (BucStop) in 844.0611ms
2025-09-30 15:30:13.279 -04:00 [INF] Executed endpoint 'BucStop.Controllers.HomeController.Index (BucStop)'
2025-09-30 15:30:13.288 -04:00 [INF] Request starting HTTP/2 GET https://localhost:7182/css/site.css?v=wDfMEiksbvT5AvgWtWXFhIIf_kk8CfQRNUi8JE_mzPo - -
2025-09-30 15:30:13.288 -04:00 [INF] Request starting HTTP/2 GET https://localhost:7182/BucStop.styles.css?v=Sd3IgD3NieeJLK6rZxdJJWUa7GB4nozqFL2puUuPXjk - -
2025-09-30 15:30:13.288 -04:00 [INF] Request starting HTTP/2 GET https://localhost:7182/js/hammer.min.js - -
2025-09-30 15:30:13.288 -04:00 [INF] Request starting HTTP/2 GET https://localhost:7182/Logo.png - -
2025-09-30 15:30:13.288 -04:00 [INF] Request starting HTTP/2 GET https://localhost:7182/lib/bootstrap/dist/css/bootstrap.min.css - -
2025-09-30 15:30:13.302 -04:00 [INF] Request finished HTTP/2 GET https://localhost:7182/ - - - 200 - text/html;+charset=utf-8 1199.2959ms
2025-09-30 15:30:13.333 -04:00 [INF] Sending file. Request path: '/BucStop.styles.css'. Physical path: 'C:\Users\zealo\Downloads\GGB_Buckstop_-main\GGB_Buckstop_-main\Bucstop WebApp\BucStop\obj\Debug\net6.0\scopedcss\bundle\BucStop.styles.css'
2025-09-30 15:30:13.333 -04:00 [INF] Sending file. Request path: '/css/site.css'. Physical path: 'C:\Users\zealo\Downloads\GGB_Buckstop_-main\GGB_Buckstop_-main\Bucstop WebApp\BucStop\wwwroot\css\site.css'
2025-09-30 15:30:13.333 -04:00 [INF] Sending file. Request path: '/Logo.png'. Physical path: 'C:\Users\zealo\Downloads\GGB_Buckstop_-main\GGB_Buckstop_-main\Bucstop WebApp\BucStop\wwwroot\Logo.png'
2025-09-30 15:30:13.336 -04:00 [INF] Request finished HTTP/2 GET https://localhost:7182/BucStop.styles.css?v=Sd3IgD3NieeJLK6rZxdJJWUa7GB4nozqFL2puUuPXjk - - - 200 1124 text/css 47.2217ms
2025-09-30 15:30:13.336 -04:00 [INF] Request finished HTTP/2 GET https://localhost:7182/css/site.css?v=wDfMEiksbvT5AvgWtWXFhIIf_kk8CfQRNUi8JE_mzPo - - - 200 1881 text/css 48.1620ms
2025-09-30 15:30:13.337 -04:00 [INF] Request finished HTTP/2 GET https://localhost:7182/Logo.png - - - 200 11885 image/png 49.5377ms
2025-09-30 15:30:13.339 -04:00 [INF] Sending file. Request path: '/lib/bootstrap/dist/css/bootstrap.min.css'. Physical path: 'C:\Users\zealo\Downloads\GGB_Buckstop_-main\GGB_Buckstop_-main\Bucstop WebApp\BucStop\wwwroot\lib\bootstrap\dist\css\bootstrap.min.css'
2025-09-30 15:30:13.341 -04:00 [INF] Request finished HTTP/2 GET https://localhost:7182/lib/bootstrap/dist/css/bootstrap.min.css - - - 200 162720 text/css 53.0977ms
2025-09-30 15:30:13.343 -04:00 [INF] Request starting HTTP/2 GET https://localhost:7182/lib/jquery/dist/jquery.min.js - -
2025-09-30 15:30:13.367 -04:00 [INF] Request starting HTTP/2 GET https://localhost:7182/lib/bootstrap/dist/js/bootstrap.bundle.min.js - -
2025-09-30 15:30:13.377 -04:00 [INF] Sending file. Request path: '/js/hammer.min.js'. Physical path: 'C:\Users\zealo\Downloads\GGB_Buckstop_-main\GGB_Buckstop_-main\Bucstop WebApp\BucStop\wwwroot\js\hammer.min.js'
2025-09-30 15:30:13.380 -04:00 [INF] Request finished HTTP/2 GET https://localhost:7182/js/hammer.min.js - - - 200 24750 application/javascript 92.8272ms
2025-09-30 15:30:13.386 -04:00 [INF] Request starting HTTP/2 GET https://localhost:7182/js/site.js?v=ec1ESHqW6RU7SHnxRpT7rZl2UwSnDgOaex8zCL8wEYk - -
2025-09-30 15:30:13.386 -04:00 [INF] Request starting HTTP/2 GET https://localhost:7182/_framework/aspnetcore-browser-refresh.js - -
2025-09-30 15:30:13.388 -04:00 [INF] Request starting HTTP/2 GET https://localhost:7182/_vs/browserLink - -
2025-09-30 15:30:13.389 -04:00 [INF] Sending file. Request path: '/js/site.js'. Physical path: 'C:\Users\zealo\Downloads\GGB_Buckstop_-main\GGB_Buckstop_-main\Bucstop WebApp\BucStop\wwwroot\js\site.js'
2025-09-30 15:30:13.390 -04:00 [INF] Request starting HTTP/2 GET https://localhost:7182/images/background.png - -
2025-09-30 15:30:13.392 -04:00 [INF] Request finished HTTP/2 GET https://localhost:7182/js/site.js?v=ec1ESHqW6RU7SHnxRpT7rZl2UwSnDgOaex8zCL8wEYk - - - 200 1505 application/javascript 5.7304ms
2025-09-30 15:30:13.394 -04:00 [INF] Request finished HTTP/2 GET https://localhost:7182/_framework/aspnetcore-browser-refresh.js - - - 200 16499 application/javascript;+charset=utf-8 7.8972ms
2025-09-30 15:30:13.408 -04:00 [INF] Sending file. Request path: '/images/background.png'. Physical path: 'C:\Users\zealo\Downloads\GGB_Buckstop_-main\GGB_Buckstop_-main\Bucstop WebApp\BucStop\wwwroot\images\background.png'
2025-09-30 15:30:13.410 -04:00 [INF] Request finished HTTP/2 GET https://localhost:7182/images/background.png - - - 200 176387 image/png 20.2113ms
2025-09-30 15:30:13.424 -04:00 [INF] Request starting HTTP/2 GET https://localhost:7182/fonts/BebasNeue-Regular.ttf - -
2025-09-30 15:30:13.439 -04:00 [INF] Sending file. Request path: '/lib/bootstrap/dist/js/bootstrap.bundle.min.js'. Physical path: 'C:\Users\zealo\Downloads\GGB_Buckstop_-main\GGB_Buckstop_-main\Bucstop WebApp\BucStop\wwwroot\lib\bootstrap\dist\js\bootstrap.bundle.min.js'
2025-09-30 15:30:13.441 -04:00 [INF] Request finished HTTP/2 GET https://localhost:7182/lib/bootstrap/dist/js/bootstrap.bundle.min.js - - - 200 78468 application/javascript 74.0026ms
2025-09-30 15:30:13.458 -04:00 [INF] Sending file. Request path: '/fonts/BebasNeue-Regular.ttf'. Physical path: 'C:\Users\zealo\Downloads\GGB_Buckstop_-main\GGB_Buckstop_-main\Bucstop WebApp\BucStop\wwwroot\fonts\BebasNeue-Regular.ttf'
2025-09-30 15:30:13.460 -04:00 [INF] Request finished HTTP/2 GET https://localhost:7182/fonts/BebasNeue-Regular.ttf - - - 200 57676 application/x-font-ttf 36.1975ms
2025-09-30 15:30:13.467 -04:00 [INF] Sending file. Request path: '/lib/jquery/dist/jquery.min.js'. Physical path: 'C:\Users\zealo\Downloads\GGB_Buckstop_-main\GGB_Buckstop_-main\Bucstop WebApp\BucStop\wwwroot\lib\jquery\dist\jquery.min.js'
2025-09-30 15:30:13.470 -04:00 [INF] Request finished HTTP/2 GET https://localhost:7182/lib/jquery/dist/jquery.min.js - - - 200 89476 application/javascript 126.4868ms
2025-09-30 15:30:13.478 -04:00 [INF] Request finished HTTP/2 GET https://localhost:7182/_vs/browserLink - - - 200 - text/javascript;+charset=UTF-8 90.1427ms
2025-09-30 15:30:13.510 -04:00 [INF] Request starting HTTP/2 GET https://localhost:7182/favicon.ico - -
2025-09-30 15:30:13.523 -04:00 [INF] Sending file. Request path: '/favicon.ico'. Physical path: 'C:\Users\zealo\Downloads\GGB_Buckstop_-main\GGB_Buckstop_-main\Bucstop WebApp\BucStop\wwwroot\favicon.ico'
2025-09-30 15:30:13.525 -04:00 [INF] Request finished HTTP/2 GET https://localhost:7182/favicon.ico - - - 200 3758 image/x-icon 15.2858ms
2025-09-30 15:30:26.782 -04:00 [INF] Request starting HTTP/2 GET https://localhost:7182/Games - -
2025-09-30 15:30:26.796 -04:00 [INF] Authorization failed. These requirements were not met:
DenyAnonymousAuthorizationRequirement: Requires an authenticated user.
2025-09-30 15:30:26.808 -04:00 [INF] AuthenticationScheme: CustomAuthenticationScheme was challenged.
2025-09-30 15:30:26.810 -04:00 [INF] Request finished HTTP/2 GET https://localhost:7182/Games - - - 302 0 - 27.8053ms
2025-09-30 15:30:26.813 -04:00 [INF] Request starting HTTP/2 GET https://localhost:7182/Account/Login?ReturnUrl=%2FGames - -
2025-09-30 15:30:26.820 -04:00 [INF] Executing endpoint 'BucStop.Controllers.AccountController.Login (BucStop)'
2025-09-30 15:30:26.823 -04:00 [INF] Route matched with {action = "Login", controller = "Account"}. Executing controller action with signature Microsoft.AspNetCore.Mvc.IActionResult Login() on controller BucStop.Controllers.AccountController (BucStop).
2025-09-30 15:30:26.827 -04:00 [INF] Executing ViewResult, running view Login.
2025-09-30 15:30:26.872 -04:00 [INF] Executed ViewResult - view Login executed in 46.0015ms.
2025-09-30 15:30:26.874 -04:00 [INF] Executed action BucStop.Controllers.AccountController.Login (BucStop) in 48.7604ms
2025-09-30 15:30:26.875 -04:00 [INF] Executed endpoint 'BucStop.Controllers.AccountController.Login (BucStop)'
2025-09-30 15:30:26.877 -04:00 [INF] Request finished HTTP/2 GET https://localhost:7182/Account/Login?ReturnUrl=%2FGames - - - 200 - text/html;+charset=utf-8 63.8527ms
2025-09-30 15:30:26.891 -04:00 [INF] Request starting HTTP/2 GET https://localhost:7182/_vs/browserLink - -
2025-09-30 15:30:26.896 -04:00 [INF] Request starting HTTP/2 GET https://localhost:7182/_framework/aspnetcore-browser-refresh.js - -
2025-09-30 15:30:26.897 -04:00 [INF] Request finished HTTP/2 GET https://localhost:7182/_framework/aspnetcore-browser-refresh.js - - - 200 16499 application/javascript;+charset=utf-8 1.3669ms
2025-09-30 15:30:26.910 -04:00 [INF] Request finished HTTP/2 GET https://localhost:7182/_vs/browserLink - - - 200 - text/javascript;+charset=UTF-8 19.4893ms
2025-09-30 15:30:34.321 -04:00 [INF] Request starting HTTP/2 POST https://localhost:7182/Account/Login application/x-www-form-urlencoded 208
2025-09-30 15:30:34.328 -04:00 [INF] Executing endpoint 'BucStop.Controllers.AccountController.Login (BucStop)'
2025-09-30 15:30:34.348 -04:00 [INF] Route matched with {action = "Login", controller = "Account"}. Executing controller action with signature System.Threading.Tasks.Task`1[Microsoft.AspNetCore.Mvc.IActionResult] Login(System.String) on controller BucStop.Controllers.AccountController (BucStop).
2025-09-30 15:30:34.402 -04:00 [INF] AuthenticationScheme: CustomAuthenticationScheme signed in.
2025-09-30 15:30:34.405 -04:00 [INF] UserActivity: emerines@etsu.edu successfully logged in.
2025-09-30 15:30:34.417 -04:00 [INF] PageLoadTimes: Successful Login Page Loaded in 26ms.
2025-09-30 15:30:34.437 -04:00 [INF] Executing RedirectResult, redirecting to /.
2025-09-30 15:30:34.440 -04:00 [INF] Executed action BucStop.Controllers.AccountController.Login (BucStop) in 91.0868ms
2025-09-30 15:30:34.444 -04:00 [INF] Executed endpoint 'BucStop.Controllers.AccountController.Login (BucStop)'
2025-09-30 15:30:34.448 -04:00 [INF] Request finished HTTP/2 POST https://localhost:7182/Account/Login application/x-www-form-urlencoded 208 - 302 0 - 126.4956ms
2025-09-30 15:30:34.459 -04:00 [INF] Request starting HTTP/2 GET https://localhost:7182/ - -
2025-09-30 15:30:34.472 -04:00 [INF] Executing endpoint 'BucStop.Controllers.HomeController.Index (BucStop)'
2025-09-30 15:30:34.475 -04:00 [INF] Route matched with {action = "Index", controller = "Home"}. Executing controller action with signature System.Threading.Tasks.Task`1[Microsoft.AspNetCore.Mvc.IActionResult] Index() on controller BucStop.Controllers.HomeController (BucStop).
2025-09-30 15:30:34.479 -04:00 [INF] Start processing HTTP request GET "https://localhost:4141/Gateway"
2025-09-30 15:30:34.482 -04:00 [INF] Sending HTTP request GET "https://localhost:4141/Gateway"
2025-09-30 15:30:34.652 -04:00 [INF] Received HTTP response headers after 167.8014ms - 200
2025-09-30 15:30:34.656 -04:00 [INF] End processing HTTP request after 176.8533ms - 200
2025-09-30 15:30:34.688 -04:00 [INF] Successfully retrieved 2 games from API.
2025-09-30 15:30:34.690 -04:00 [INF] Game ID 1 Content URL: https://localhost:1948/js/snake.js
2025-09-30 15:30:34.692 -04:00 [INF] Game ID 2 Content URL: https://localhost:2626/js/tetris.js
2025-09-30 15:30:34.695 -04:00 [INF] Executing ViewResult, running view Index.
2025-09-30 15:30:34.710 -04:00 [INF] Executed ViewResult - view Index executed in 14.9777ms.
2025-09-30 15:30:34.712 -04:00 [INF] Executed action BucStop.Controllers.HomeController.Index (BucStop) in 233.515ms
2025-09-30 15:30:34.713 -04:00 [INF] Executed endpoint 'BucStop.Controllers.HomeController.Index (BucStop)'
2025-09-30 15:30:34.714 -04:00 [INF] Request finished HTTP/2 GET https://localhost:7182/ - - - 200 - text/html;+charset=utf-8 255.7872ms
2025-09-30 15:30:34.730 -04:00 [INF] Request starting HTTP/2 GET https://localhost:7182/_framework/aspnetcore-browser-refresh.js - -
2025-09-30 15:30:34.734 -04:00 [INF] Request starting HTTP/2 GET https://localhost:7182/_vs/browserLink - -
2025-09-30 15:30:34.749 -04:00 [INF] Request finished HTTP/2 GET https://localhost:7182/_framework/aspnetcore-browser-refresh.js - - - 200 16499 application/javascript;+charset=utf-8 19.0556ms
2025-09-30 15:30:34.761 -04:00 [INF] Request finished HTTP/2 GET https://localhost:7182/_vs/browserLink - - - 200 - text/javascript;+charset=UTF-8 26.8954ms
2025-09-30 15:30:36.236 -04:00 [INF] Request starting HTTP/2 GET https://localhost:7182/Games - -
2025-09-30 15:30:36.240 -04:00 [INF] Executing endpoint 'BucStop.Controllers.GamesController.IndexAsync (BucStop)'
2025-09-30 15:30:36.244 -04:00 [INF] Route matched with {action = "Index", controller = "Games"}. Executing controller action with signature System.Threading.Tasks.Task`1[Microsoft.AspNetCore.Mvc.IActionResult] IndexAsync() on controller BucStop.Controllers.GamesController (BucStop).
2025-09-30 15:30:36.246 -04:00 [INF] Start processing HTTP request GET "https://localhost:4141/Gateway"
2025-09-30 15:30:36.247 -04:00 [INF] Sending HTTP request GET "https://localhost:4141/Gateway"
2025-09-30 15:30:36.303 -04:00 [INF] Received HTTP response headers after 54.9643ms - 200
2025-09-30 15:30:36.306 -04:00 [INF] End processing HTTP request after 59.7638ms - 200
2025-09-30 15:30:36.307 -04:00 [INF] Successfully retrieved 2 games from API.
2025-09-30 15:30:36.308 -04:00 [INF] Game ID 1 Content URL: https://localhost:1948/js/snake.js
2025-09-30 15:30:36.309 -04:00 [INF] Game ID 2 Content URL: https://localhost:2626/js/tetris.js
2025-09-30 15:30:36.329 -04:00 [INF] Games index page accessed.
2025-09-30 15:30:36.330 -04:00 [INF] PageLoadTimes: Games Page Loaded in 0ms.
2025-09-30 15:30:36.331 -04:00 [INF] UserActivity: emerines@etsu.edu accessed the games index page.
2025-09-30 15:30:36.333 -04:00 [INF] Executing ViewResult, running view Index.
2025-09-30 15:30:36.341 -04:00 [INF] Executed ViewResult - view Index executed in 8.4363ms.
2025-09-30 15:30:36.342 -04:00 [INF] Executed action BucStop.Controllers.GamesController.IndexAsync (BucStop) in 96.2707ms
2025-09-30 15:30:36.343 -04:00 [INF] Executed endpoint 'BucStop.Controllers.GamesController.IndexAsync (BucStop)'
2025-09-30 15:30:36.344 -04:00 [INF] Request finished HTTP/2 GET https://localhost:7182/Games - - - 200 - text/html;+charset=utf-8 107.5740ms
2025-09-30 15:30:36.355 -04:00 [INF] Request starting HTTP/2 GET https://localhost:7182/_vs/browserLink - -
2025-09-30 15:30:36.358 -04:00 [INF] Request starting HTTP/2 GET https://localhost:7182/_framework/aspnetcore-browser-refresh.js - -
2025-09-30 15:30:36.360 -04:00 [INF] Request finished HTTP/2 GET https://localhost:7182/_framework/aspnetcore-browser-refresh.js - - - 200 16499 application/javascript;+charset=utf-8 1.9368ms
2025-09-30 15:30:36.361 -04:00 [INF] Request finished HTTP/2 GET https://localhost:7182/_vs/browserLink - - - 200 - text/javascript;+charset=UTF-8 5.4782ms
2025-09-30 15:39:44.144 -04:00 [INF] User profile is available. Using 'C:\Users\zealo\AppData\Local\ASP.NET\DataProtection-Keys' as key repository and Windows DPAPI to encrypt keys at rest.
2025-09-30 15:39:44.523 -04:00 [INF] Start processing HTTP request GET "https://localhost:4141/health"
2025-09-30 15:39:45.140 -04:00 [INF] Sending HTTP request GET "https://localhost:4141/health"
2025-09-30 15:39:46.175 -04:00 [INF] Now listening on: https://localhost:7182
2025-09-30 15:39:46.443 -04:00 [INF] Received HTTP response headers after 1144.342ms - 200
2025-09-30 15:39:46.482 -04:00 [INF] Now listening on: http://localhost:5230
2025-09-30 15:39:46.551 -04:00 [INF] End processing HTTP request after 2071.7436ms - 200
2025-09-30 15:39:46.570 -04:00 [INF] APIHeartbeat: API GateWay is healthy.
2025-09-30 15:39:46.832 -04:00 [INF] Application started. Press Ctrl+C to shut down.
2025-09-30 15:39:46.834 -04:00 [INF] Start processing HTTP request GET "https://localhost:1948/health"
2025-09-30 15:39:46.856 -04:00 [INF] Hosting environment: Development
2025-09-30 15:39:46.874 -04:00 [INF] Sending HTTP request GET "https://localhost:1948/health"
2025-09-30 15:39:46.893 -04:00 [INF] Content root path: C:\Users\zealo\Downloads\GGB_Buckstop_-main\GGB_Buckstop_-main\Bucstop WebApp\BucStop\
2025-09-30 15:39:46.951 -04:00 [INF] Request starting HTTP/2 GET https://localhost:7182/ - -
2025-09-30 15:39:47.017 -04:00 [INF] Received HTTP response headers after 102.0138ms - 200
2025-09-30 15:39:47.076 -04:00 [INF] End processing HTTP request after 241.9906ms - 200
2025-09-30 15:39:47.082 -04:00 [INF] APIHeartbeat: Snake is healthy.
2025-09-30 15:39:47.083 -04:00 [INF] Start processing HTTP request GET "https://localhost:2626/health"
2025-09-30 15:39:47.084 -04:00 [INF] Sending HTTP request GET "https://localhost:2626/health"
2025-09-30 15:39:47.178 -04:00 [INF] Executing endpoint 'BucStop.Controllers.HomeController.Index (BucStop)'
2025-09-30 15:39:47.207 -04:00 [INF] Received HTTP response headers after 120.9878ms - 200
2025-09-30 15:39:47.209 -04:00 [INF] End processing HTTP request after 125.6495ms - 200
2025-09-30 15:39:47.211 -04:00 [INF] APIHeartbeat: Tetris is healthy.
2025-09-30 15:39:47.249 -04:00 [INF] Start processing HTTP request GET "https://localhost:1941/health"
2025-09-30 15:39:47.255 -04:00 [INF] Sending HTTP request GET "https://localhost:1941/health"
2025-09-30 15:39:47.344 -04:00 [INF] Route matched with {action = "Index", controller = "Home"}. Executing controller action with signature System.Threading.Tasks.Task`1[Microsoft.AspNetCore.Mvc.IActionResult] Index() on controller BucStop.Controllers.HomeController (BucStop).
2025-09-30 15:39:47.397 -04:00 [INF] Received HTTP response headers after 122.2332ms - 200
2025-09-30 15:39:47.404 -04:00 [INF] End processing HTTP request after 155.1412ms - 200
2025-09-30 15:39:47.407 -04:00 [INF] Start processing HTTP request GET "https://localhost:4141/Gateway"
2025-09-30 15:39:47.449 -04:00 [INF] Sending HTTP request GET "https://localhost:4141/Gateway"
2025-09-30 15:39:47.423 -04:00 [INF] APIHeartbeat: Pong is healthy.
2025-09-30 15:39:47.886 -04:00 [INF] Received HTTP response headers after 431.9966ms - 200
2025-09-30 15:39:47.888 -04:00 [INF] End processing HTTP request after 480.6172ms - 200
2025-09-30 15:39:47.920 -04:00 [INF] Successfully retrieved 2 games from API.
2025-09-30 15:39:47.923 -04:00 [INF] Game ID 2 Content URL: https://localhost:2626/js/tetris.js
2025-09-30 15:39:47.925 -04:00 [INF] Game ID 1 Content URL: https://localhost:1948/js/snake.js
2025-09-30 15:39:47.945 -04:00 [INF] Executing ViewResult, running view Index.
2025-09-30 15:39:48.249 -04:00 [INF] Executed ViewResult - view Index executed in 309.5369ms.
2025-09-30 15:39:48.252 -04:00 [INF] Executed action BucStop.Controllers.HomeController.Index (BucStop) in 863.2675ms
2025-09-30 15:39:48.256 -04:00 [INF] Executed endpoint 'BucStop.Controllers.HomeController.Index (BucStop)'
2025-09-30 15:39:48.281 -04:00 [INF] Request starting HTTP/2 GET https://localhost:7182/BucStop.styles.css?v=Sd3IgD3NieeJLK6rZxdJJWUa7GB4nozqFL2puUuPXjk - -
2025-09-30 15:39:48.284 -04:00 [INF] Request starting HTTP/2 GET https://localhost:7182/_framework/aspnetcore-browser-refresh.js - -
2025-09-30 15:39:48.288 -04:00 [INF] Request finished HTTP/2 GET https://localhost:7182/ - - - 200 - text/html;+charset=utf-8 1376.4050ms
2025-09-30 15:39:48.303 -04:00 [INF] Request finished HTTP/2 GET https://localhost:7182/_framework/aspnetcore-browser-refresh.js - - - 200 16499 application/javascript;+charset=utf-8 18.0728ms
2025-09-30 15:39:48.308 -04:00 [INF] The file /BucStop.styles.css was not modified
2025-09-30 15:39:48.311 -04:00 [INF] Request starting HTTP/2 GET https://localhost:7182/_vs/browserLink - -
2025-09-30 15:39:48.311 -04:00 [INF] Request finished HTTP/2 GET https://localhost:7182/BucStop.styles.css?v=Sd3IgD3NieeJLK6rZxdJJWUa7GB4nozqFL2puUuPXjk - - - 304 - text/css 29.9044ms
2025-09-30 15:39:48.396 -04:00 [INF] Request finished HTTP/2 GET https://localhost:7182/_vs/browserLink - - - 200 - text/javascript;+charset=UTF-8 84.7942ms
2025-09-30 15:39:52.815 -04:00 [INF] Request starting HTTP/2 GET https://localhost:7182/Games - -
2025-09-30 15:39:52.830 -04:00 [INF] Executing endpoint 'BucStop.Controllers.GamesController.IndexAsync (BucStop)'
2025-09-30 15:39:52.836 -04:00 [INF] Route matched with {action = "Index", controller = "Games"}. Executing controller action with signature System.Threading.Tasks.Task`1[Microsoft.AspNetCore.Mvc.IActionResult] IndexAsync() on controller BucStop.Controllers.GamesController (BucStop).
2025-09-30 15:39:52.841 -04:00 [INF] Start processing HTTP request GET "https://localhost:4141/Gateway"
2025-09-30 15:39:52.843 -04:00 [INF] Sending HTTP request GET "https://localhost:4141/Gateway"
2025-09-30 15:39:52.916 -04:00 [INF] Received HTTP response headers after 71.8693ms - 200
2025-09-30 15:39:52.917 -04:00 [INF] End processing HTTP request after 75.7251ms - 200
2025-09-30 15:39:52.930 -04:00 [INF] Successfully retrieved 2 games from API.
2025-09-30 15:39:52.931 -04:00 [INF] Game ID 1 Content URL: https://localhost:1948/js/snake.js
2025-09-30 15:39:52.932 -04:00 [INF] Game ID 2 Content URL: https://localhost:2626/js/tetris.js
2025-09-30 15:39:52.939 -04:00 [INF] Games index page accessed.
2025-09-30 15:39:52.940 -04:00 [INF] PageLoadTimes: Games Page Loaded in 0ms.
2025-09-30 15:39:52.947 -04:00 [INF] UserActivity: emerines@etsu.edu accessed the games index page.
2025-09-30 15:39:52.952 -04:00 [INF] Executing ViewResult, running view Index.
2025-09-30 15:39:52.962 -04:00 [INF] Executed ViewResult - view Index executed in 9.7889ms.
2025-09-30 15:39:52.963 -04:00 [INF] Executed action BucStop.Controllers.GamesController.IndexAsync (BucStop) in 122.0891ms
2025-09-30 15:39:52.965 -04:00 [INF] Executed endpoint 'BucStop.Controllers.GamesController.IndexAsync (BucStop)'
2025-09-30 15:39:52.967 -04:00 [INF] Request finished HTTP/2 GET https://localhost:7182/Games - - - 200 - text/html;+charset=utf-8 152.5020ms
2025-09-30 15:39:52.982 -04:00 [INF] Request starting HTTP/2 GET https://localhost:7182/_framework/aspnetcore-browser-refresh.js - -
2025-09-30 15:39:52.982 -04:00 [INF] Request starting HTTP/2 GET https://localhost:7182/_vs/browserLink - -
2025-09-30 15:39:52.984 -04:00 [INF] Request finished HTTP/2 GET https://localhost:7182/_framework/aspnetcore-browser-refresh.js - - - 200 16499 application/javascript;+charset=utf-8 2.2023ms
2025-09-30 15:39:53.001 -04:00 [INF] Request finished HTTP/2 GET https://localhost:7182/_vs/browserLink - - - 200 - text/javascript;+charset=UTF-8 19.1394ms
2025-09-30 15:46:52.392 -04:00 [INF] User profile is available. Using 'C:\Users\zealo\AppData\Local\ASP.NET\DataProtection-Keys' as key repository and Windows DPAPI to encrypt keys at rest.
2025-09-30 15:46:52.652 -04:00 [INF] Start processing HTTP request GET "https://localhost:4141/health"
2025-09-30 15:46:52.681 -04:00 [INF] Sending HTTP request GET "https://localhost:4141/health"
2025-09-30 15:46:53.240 -04:00 [INF] Now listening on: https://localhost:7182
2025-09-30 15:46:53.241 -04:00 [INF] Now listening on: http://localhost:5230
2025-09-30 15:46:53.256 -04:00 [INF] Received HTTP response headers after 560.2836ms - 200
2025-09-30 15:46:53.261 -04:00 [INF] End processing HTTP request after 625.1646ms - 200
2025-09-30 15:46:53.284 -04:00 [INF] APIHeartbeat: API GateWay is healthy.
2025-09-30 15:46:53.290 -04:00 [INF] Start processing HTTP request GET "https://localhost:1948/health"
2025-09-30 15:46:53.292 -04:00 [INF] Sending HTTP request GET "https://localhost:1948/health"
2025-09-30 15:46:53.358 -04:00 [INF] Application started. Press Ctrl+C to shut down.
2025-09-30 15:46:53.361 -04:00 [INF] Hosting environment: Development
2025-09-30 15:46:53.362 -04:00 [INF] Content root path: C:\Users\zealo\Downloads\GGB_Buckstop_-main\GGB_Buckstop_-main\Bucstop WebApp\BucStop\
2025-09-30 15:46:53.382 -04:00 [INF] Received HTTP response headers after 89.4072ms - 200
2025-09-30 15:46:53.385 -04:00 [INF] End processing HTTP request after 95.2852ms - 200
2025-09-30 15:46:53.388 -04:00 [INF] APIHeartbeat: Snake is healthy.
2025-09-30 15:46:53.395 -04:00 [INF] Start processing HTTP request GET "https://localhost:2626/health"
2025-09-30 15:46:53.396 -04:00 [INF] Sending HTTP request GET "https://localhost:2626/health"
2025-09-30 15:46:53.473 -04:00 [INF] Received HTTP response headers after 75.6375ms - 200
2025-09-30 15:46:53.476 -04:00 [INF] End processing HTTP request after 81.5793ms - 200
2025-09-30 15:46:53.479 -04:00 [INF] APIHeartbeat: Tetris is healthy.
2025-09-30 15:46:53.481 -04:00 [INF] Start processing HTTP request GET "https://localhost:1941/health"
2025-09-30 15:46:53.482 -04:00 [INF] Sending HTTP request GET "https://localhost:1941/health"
2025-09-30 15:46:54.020 -04:00 [INF] Received HTTP response headers after 536.9674ms - 200
2025-09-30 15:46:54.050 -04:00 [INF] End processing HTTP request after 568.9665ms - 200
2025-09-30 15:46:54.062 -04:00 [INF] APIHeartbeat: Pong is healthy.
2025-09-30 15:46:54.123 -04:00 [INF] Request starting HTTP/2 GET https://localhost:7182/ - -
2025-09-30 15:46:54.419 -04:00 [INF] Executing endpoint 'BucStop.Controllers.HomeController.Index (BucStop)'
2025-09-30 15:46:54.545 -04:00 [INF] Route matched with {action = "Index", controller = "Home"}. Executing controller action with signature System.Threading.Tasks.Task`1[Microsoft.AspNetCore.Mvc.IActionResult] Index() on controller BucStop.Controllers.HomeController (BucStop).
2025-09-30 15:46:54.566 -04:00 [INF] Start processing HTTP request GET "https://localhost:4141/Gateway"
2025-09-30 15:46:54.661 -04:00 [INF] Sending HTTP request GET "https://localhost:4141/Gateway"
2025-09-30 15:46:55.168 -04:00 [INF] Received HTTP response headers after 504.7887ms - 200
2025-09-30 15:46:55.193 -04:00 [INF] End processing HTTP request after 627.1467ms - 200
2025-09-30 15:46:55.219 -04:00 [INF] Successfully retrieved 2 games from API.
2025-09-30 15:46:55.223 -04:00 [INF] Game ID 2 Content URL: https://localhost:2626/js/tetris.js
2025-09-30 15:46:55.224 -04:00 [INF] Game ID 1 Content URL: https://localhost:1948/js/snake.js
2025-09-30 15:46:55.237 -04:00 [INF] Executing ViewResult, running view Index.
2025-09-30 15:46:55.749 -04:00 [INF] Executed ViewResult - view Index executed in 512.4739ms.
2025-09-30 15:46:55.754 -04:00 [INF] Executed action BucStop.Controllers.HomeController.Index (BucStop) in 1201.9917ms
2025-09-30 15:46:55.756 -04:00 [INF] Executed endpoint 'BucStop.Controllers.HomeController.Index (BucStop)'
2025-09-30 15:46:55.793 -04:00 [INF] Request starting HTTP/2 GET https://localhost:7182/BucStop.styles.css?v=Sd3IgD3NieeJLK6rZxdJJWUa7GB4nozqFL2puUuPXjk - -
2025-09-30 15:46:55.796 -04:00 [INF] Request starting HTTP/2 GET https://localhost:7182/_framework/aspnetcore-browser-refresh.js - -
2025-09-30 15:46:55.802 -04:00 [INF] Request finished HTTP/2 GET https://localhost:7182/ - - - 200 - text/html;+charset=utf-8 1702.0707ms
2025-09-30 15:46:55.808 -04:00 [INF] Request finished HTTP/2 GET https://localhost:7182/_framework/aspnetcore-browser-refresh.js - - - 200 16499 application/javascript;+charset=utf-8 11.5786ms
2025-09-30 15:46:55.836 -04:00 [INF] Request starting HTTP/2 GET https://localhost:7182/_vs/browserLink - -
2025-09-30 15:46:55.844 -04:00 [INF] The file /BucStop.styles.css was not modified
2025-09-30 15:46:55.848 -04:00 [INF] Request finished HTTP/2 GET https://localhost:7182/BucStop.styles.css?v=Sd3IgD3NieeJLK6rZxdJJWUa7GB4nozqFL2puUuPXjk - - - 304 - text/css 54.4078ms
2025-09-30 15:46:55.969 -04:00 [INF] Request finished HTTP/2 GET https://localhost:7182/_vs/browserLink - - - 200 - text/javascript;+charset=UTF-8 136.0516ms
2025-09-30 15:47:01.609 -04:00 [INF] Request starting HTTP/2 GET https://localhost:7182/Games - -
2025-09-30 15:47:01.624 -04:00 [INF] Executing endpoint 'BucStop.Controllers.GamesController.IndexAsync (BucStop)'
2025-09-30 15:47:01.629 -04:00 [INF] Route matched with {action = "Index", controller = "Games"}. Executing controller action with signature System.Threading.Tasks.Task`1[Microsoft.AspNetCore.Mvc.IActionResult] IndexAsync() on controller BucStop.Controllers.GamesController (BucStop).
2025-09-30 15:47:01.631 -04:00 [INF] Start processing HTTP request GET "https://localhost:4141/Gateway"
2025-09-30 15:47:01.632 -04:00 [INF] Sending HTTP request GET "https://localhost:4141/Gateway"
2025-09-30 15:47:01.707 -04:00 [INF] Received HTTP response headers after 74.3323ms - 200
2025-09-30 15:47:01.709 -04:00 [INF] End processing HTTP request after 77.5752ms - 200
2025-09-30 15:47:01.711 -04:00 [INF] Successfully retrieved 2 games from API.
2025-09-30 15:47:01.712 -04:00 [INF] Game ID 1 Content URL: https://localhost:1948/js/snake.js
2025-09-30 15:47:01.713 -04:00 [INF] Game ID 2 Content URL: https://localhost:2626/js/tetris.js
2025-09-30 15:47:01.719 -04:00 [INF] Games index page accessed.
2025-09-30 15:47:01.722 -04:00 [INF] PageLoadTimes: Games Page Loaded in 1ms.
2025-09-30 15:47:01.727 -04:00 [INF] UserActivity: emerines@etsu.edu accessed the games index page.
2025-09-30 15:47:01.732 -04:00 [INF] Executing ViewResult, running view Index.
2025-09-30 15:47:01.740 -04:00 [INF] Executed ViewResult - view Index executed in 8.7784ms.
2025-09-30 15:47:01.742 -04:00 [INF] Executed action BucStop.Controllers.GamesController.IndexAsync (BucStop) in 110.6205ms
2025-09-30 15:47:01.743 -04:00 [INF] Executed endpoint 'BucStop.Controllers.GamesController.IndexAsync (BucStop)'
2025-09-30 15:47:01.744 -04:00 [INF] Request finished HTTP/2 GET https://localhost:7182/Games - - - 200 - text/html;+charset=utf-8 134.6621ms
2025-09-30 15:47:01.766 -04:00 [INF] Request starting HTTP/2 GET https://localhost:7182/_framework/aspnetcore-browser-refresh.js - -
2025-09-30 15:47:01.766 -04:00 [INF] Request starting HTTP/2 GET https://localhost:7182/_vs/browserLink - -
2025-09-30 15:47:01.767 -04:00 [INF] Request finished HTTP/2 GET https://localhost:7182/_framework/aspnetcore-browser-refresh.js - - - 200 16499 application/javascript;+charset=utf-8 1.0034ms
2025-09-30 15:47:01.790 -04:00 [INF] Request finished HTTP/2 GET https://localhost:7182/_vs/browserLink - - - 200 - text/javascript;+charset=UTF-8 24.0826ms
2025-09-30 15:47:08.158 -04:00 [INF] Request starting HTTP/2 GET https://localhost:7182/Games/Play/1 - -
2025-09-30 15:47:08.165 -04:00 [INF] Executing endpoint 'BucStop.Controllers.GamesController.Play (BucStop)'
2025-09-30 15:47:08.182 -04:00 [INF] Route matched with {action = "Play", controller = "Games"}. Executing controller action with signature System.Threading.Tasks.Task`1[Microsoft.AspNetCore.Mvc.IActionResult] Play(Int32) on controller BucStop.Controllers.GamesController (BucStop).
2025-09-30 15:47:08.184 -04:00 [INF] Start processing HTTP request GET "https://localhost:4141/Gateway"
2025-09-30 15:47:08.184 -04:00 [INF] Sending HTTP request GET "https://localhost:4141/Gateway"
2025-09-30 15:47:08.242 -04:00 [INF] Received HTTP response headers after 56.9932ms - 200
2025-09-30 15:47:08.244 -04:00 [INF] End processing HTTP request after 59.9891ms - 200
2025-09-30 15:47:08.245 -04:00 [INF] Successfully retrieved 2 games from API.
2025-09-30 15:47:08.246 -04:00 [INF] Game ID 1 Content URL: https://localhost:1948/js/snake.js
2025-09-30 15:47:08.247 -04:00 [INF] Game ID 2 Content URL: https://localhost:2626/js/tetris.js
2025-09-30 15:47:08.265 -04:00 [INF] GameSuccess: User requested to play game with ID 1.
2025-09-30 15:47:08.273 -04:00 [INF] Loading game URL: https://localhost:1948/js/snake.js
2025-09-30 15:47:08.311 -04:00 [INF] GameSuccess: Game 'Snake' (ID: 1) successfully loaded.
2025-09-30 15:47:08.313 -04:00 [INF] UserActivity: emerines@etsu.edu started playing 'Snake' (ID: 1).
2025-09-30 15:47:08.316 -04:00 [INF] PageLoadTimes: Snake Page Loaded in 43ms.
2025-09-30 15:47:08.321 -04:00 [INF] Executing ViewResult, running view Play.
2025-09-30 15:47:08.332 -04:00 [INF] Executed ViewResult - view Play executed in 12.7469ms.
2025-09-30 15:47:08.334 -04:00 [INF] Executed action BucStop.Controllers.GamesController.Play (BucStop) in 150.8158ms
2025-09-30 15:47:08.335 -04:00 [INF] Executed endpoint 'BucStop.Controllers.GamesController.Play (BucStop)'
2025-09-30 15:47:08.338 -04:00 [INF] Request finished HTTP/2 GET https://localhost:7182/Games/Play/1 - - - 200 - text/html;+charset=utf-8 180.5348ms
2025-09-30 15:47:08.350 -04:00 [INF] Request starting HTTP/2 GET https://localhost:7182/_framework/aspnetcore-browser-refresh.js - -
2025-09-30 15:47:08.350 -04:00 [INF] Request starting HTTP/2 GET https://localhost:7182/_vs/browserLink - -
2025-09-30 15:47:08.351 -04:00 [INF] Request finished HTTP/2 GET https://localhost:7182/_framework/aspnetcore-browser-refresh.js - - - 200 16499 application/javascript;+charset=utf-8 1.2328ms
2025-09-30 15:47:08.356 -04:00 [INF] Request finished HTTP/2 GET https://localhost:7182/_vs/browserLink - - - 200 - text/javascript;+charset=UTF-8 6.0010ms
2025-09-30 15:47:12.317 -04:00 [INF] Request starting HTTP/2 GET https://localhost:7182/Games/Play/4 - -
2025-09-30 15:47:12.325 -04:00 [INF] Executing endpoint 'BucStop.Controllers.GamesController.Play (BucStop)'
2025-09-30 15:47:12.326 -04:00 [INF] Route matched with {action = "Play", controller = "Games"}. Executing controller action with signature System.Threading.Tasks.Task`1[Microsoft.AspNetCore.Mvc.IActionResult] Play(Int32) on controller BucStop.Controllers.GamesController (BucStop).
2025-09-30 15:47:12.328 -04:00 [INF] Start processing HTTP request GET "https://localhost:4141/Gateway"
2025-09-30 15:47:12.329 -04:00 [INF] Sending HTTP request GET "https://localhost:4141/Gateway"
2025-09-30 15:47:12.395 -04:00 [INF] Received HTTP response headers after 65.507ms - 200
2025-09-30 15:47:12.398 -04:00 [INF] End processing HTTP request after 69.9597ms - 200
2025-09-30 15:47:12.400 -04:00 [INF] Successfully retrieved 2 games from API.
2025-09-30 15:47:12.402 -04:00 [INF] Game ID 2 Content URL: https://localhost:2626/js/tetris.js
2025-09-30 15:47:12.404 -04:00 [INF] Game ID 1 Content URL: https://localhost:1948/js/snake.js
2025-09-30 15:47:12.408 -04:00 [INF] GameSuccess: User requested to play game with ID 4.
2025-09-30 15:47:12.410 -04:00 [WRN] GameSuccess: Game with ID 4 not found.
2025-09-30 15:47:12.421 -04:00 [INF] Executing StatusCodeResult, setting HTTP status code 404
2025-09-30 15:47:12.422 -04:00 [INF] Executed action BucStop.Controllers.GamesController.Play (BucStop) in 94.6737ms
2025-09-30 15:47:12.425 -04:00 [INF] Executed endpoint 'BucStop.Controllers.GamesController.Play (BucStop)'
2025-09-30 15:47:12.426 -04:00 [INF] Request finished HTTP/2 GET https://localhost:7182/Games/Play/4 - - - 404 0 - 109.1763ms
2025-09-30 15:47:18.461 -04:00 [INF] Request starting HTTP/2 GET https://localhost:7182/Games/Play/3 - -
2025-09-30 15:47:18.465 -04:00 [INF] Executing endpoint 'BucStop.Controllers.GamesController.Play (BucStop)'
2025-09-30 15:47:18.467 -04:00 [INF] Route matched with {action = "Play", controller = "Games"}. Executing controller action with signature System.Threading.Tasks.Task`1[Microsoft.AspNetCore.Mvc.IActionResult] Play(Int32) on controller BucStop.Controllers.GamesController (BucStop).
2025-09-30 15:47:18.471 -04:00 [INF] Start processing HTTP request GET "https://localhost:4141/Gateway"
2025-09-30 15:47:18.474 -04:00 [INF] Sending HTTP request GET "https://localhost:4141/Gateway"
2025-09-30 15:47:18.568 -04:00 [INF] Received HTTP response headers after 92.7303ms - 200
2025-09-30 15:47:18.572 -04:00 [INF] End processing HTTP request after 100.8189ms - 200
2025-09-30 15:47:18.576 -04:00 [INF] Successfully retrieved 2 games from API.
2025-09-30 15:47:18.579 -04:00 [INF] Game ID 1 Content URL: https://localhost:1948/js/snake.js
2025-09-30 15:47:18.581 -04:00 [INF] Game ID 2 Content URL: https://localhost:2626/js/tetris.js
2025-09-30 15:47:18.586 -04:00 [INF] GameSuccess: User requested to play game with ID 3.
2025-09-30 15:47:18.589 -04:00 [WRN] GameSuccess: Game with ID 3 not found.
2025-09-30 15:47:18.592 -04:00 [INF] Executing StatusCodeResult, setting HTTP status code 404
2025-09-30 15:47:18.594 -04:00 [INF] Executed action BucStop.Controllers.GamesController.Play (BucStop) in 123.0894ms
2025-09-30 15:47:18.597 -04:00 [INF] Executed endpoint 'BucStop.Controllers.GamesController.Play (BucStop)'
2025-09-30 15:47:18.599 -04:00 [INF] Request finished HTTP/2 GET https://localhost:7182/Games/Play/3 - - - 404 0 - 138.7387ms
2025-09-30 15:47:20.771 -04:00 [INF] Request starting HTTP/2 GET https://localhost:7182/Games/Play/2 - -
2025-09-30 15:47:20.778 -04:00 [INF] Executing endpoint 'BucStop.Controllers.GamesController.Play (BucStop)'
2025-09-30 15:47:20.781 -04:00 [INF] Route matched with {action = "Play", controller = "Games"}. Executing controller action with signature System.Threading.Tasks.Task`1[Microsoft.AspNetCore.Mvc.IActionResult] Play(Int32) on controller BucStop.Controllers.GamesController (BucStop).
2025-09-30 15:47:20.787 -04:00 [INF] Start processing HTTP request GET "https://localhost:4141/Gateway"
2025-09-30 15:47:20.790 -04:00 [INF] Sending HTTP request GET "https://localhost:4141/Gateway"
2025-09-30 15:47:20.885 -04:00 [INF] Received HTTP response headers after 92.3567ms - 200
2025-09-30 15:47:20.888 -04:00 [INF] End processing HTTP request after 100.7495ms - 200
2025-09-30 15:47:20.889 -04:00 [INF] Successfully retrieved 2 games from API.
2025-09-30 15:47:20.891 -04:00 [INF] Game ID 1 Content URL: https://localhost:1948/js/snake.js
2025-09-30 15:47:20.892 -04:00 [INF] Game ID 2 Content URL: https://localhost:2626/js/tetris.js
2025-09-30 15:47:20.895 -04:00 [INF] GameSuccess: User requested to play game with ID 2.
2025-09-30 15:47:20.896 -04:00 [INF] Loading game URL: https://localhost:2626/js/tetris.js
2025-09-30 15:47:20.899 -04:00 [INF] GameSuccess: Game 'Tetris' (ID: 2) successfully loaded.
2025-09-30 15:47:20.900 -04:00 [INF] UserActivity: emerines@etsu.edu started playing 'Tetris' (ID: 2).
2025-09-30 15:47:20.902 -04:00 [INF] PageLoadTimes: Tetris Page Loaded in 5ms.
2025-09-30 15:47:20.903 -04:00 [INF] Executing ViewResult, running view Play.
2025-09-30 15:47:20.905 -04:00 [INF] Executed ViewResult - view Play executed in 2.027ms.
2025-09-30 15:47:20.908 -04:00 [INF] Executed action BucStop.Controllers.GamesController.Play (BucStop) in 120.8408ms
2025-09-30 15:47:20.909 -04:00 [INF] Executed endpoint 'BucStop.Controllers.GamesController.Play (BucStop)'
2025-09-30 15:47:20.910 -04:00 [INF] Request finished HTTP/2 GET https://localhost:7182/Games/Play/2 - - - 200 - text/html;+charset=utf-8 139.2476ms
2025-09-30 15:47:20.937 -04:00 [INF] Request starting HTTP/2 GET https://localhost:7182/_framework/aspnetcore-browser-refresh.js - -
2025-09-30 15:47:20.938 -04:00 [INF] Request starting HTTP/2 GET https://localhost:7182/_vs/browserLink - -
2025-09-30 15:47:20.939 -04:00 [INF] Request finished HTTP/2 GET https://localhost:7182/_framework/aspnetcore-browser-refresh.js - - - 200 16499 application/javascript;+charset=utf-8 3.1069ms
2025-09-30 15:47:20.944 -04:00 [INF] Request finished HTTP/2 GET https://localhost:7182/_vs/browserLink - - - 200 - text/javascript;+charset=UTF-8 6.0880ms
2025-09-30 15:47:23.904 -04:00 [INF] Request starting HTTP/2 GET https://localhost:7182/Games/Play/3 - -
2025-09-30 15:47:23.907 -04:00 [INF] Executing endpoint 'BucStop.Controllers.GamesController.Play (BucStop)'
2025-09-30 15:47:23.909 -04:00 [INF] Route matched with {action = "Play", controller = "Games"}. Executing controller action with signature System.Threading.Tasks.Task`1[Microsoft.AspNetCore.Mvc.IActionResult] Play(Int32) on controller BucStop.Controllers.GamesController (BucStop).
2025-09-30 15:47:23.911 -04:00 [INF] Start processing HTTP request GET "https://localhost:4141/Gateway"
2025-09-30 15:47:23.912 -04:00 [INF] Sending HTTP request GET "https://localhost:4141/Gateway"
2025-09-30 15:47:23.978 -04:00 [INF] Received HTTP response headers after 64.8244ms - 200
2025-09-30 15:47:23.981 -04:00 [INF] End processing HTTP request after 69.4458ms - 200
2025-09-30 15:47:23.982 -04:00 [INF] Successfully retrieved 2 games from API.
2025-09-30 15:47:23.983 -04:00 [INF] Game ID 1 Content URL: https://localhost:1948/js/snake.js
2025-09-30 15:47:23.984 -04:00 [INF] Game ID 2 Content URL: https://localhost:2626/js/tetris.js
2025-09-30 15:47:23.986 -04:00 [INF] GameSuccess: User requested to play game with ID 3.
2025-09-30 15:47:23.987 -04:00 [WRN] GameSuccess: Game with ID 3 not found.
2025-09-30 15:47:23.989 -04:00 [INF] Executing StatusCodeResult, setting HTTP status code 404
2025-09-30 15:47:23.990 -04:00 [INF] Executed action BucStop.Controllers.GamesController.Play (BucStop) in 79.3472ms
2025-09-30 15:47:23.992 -04:00 [INF] Executed endpoint 'BucStop.Controllers.GamesController.Play (BucStop)'
2025-09-30 15:47:23.993 -04:00 [INF] Request finished HTTP/2 GET https://localhost:7182/Games/Play/3 - - - 404 0 - 89.3355ms
2025-09-30 15:47:26.489 -04:00 [INF] Request starting HTTP/2 GET https://localhost:7182/Games/Play/4 - -
2025-09-30 15:47:26.497 -04:00 [INF] Executing endpoint 'BucStop.Controllers.GamesController.Play (BucStop)'
2025-09-30 15:47:26.502 -04:00 [INF] Route matched with {action = "Play", controller = "Games"}. Executing controller action with signature System.Threading.Tasks.Task`1[Microsoft.AspNetCore.Mvc.IActionResult] Play(Int32) on controller BucStop.Controllers.GamesController (BucStop).
2025-09-30 15:47:26.510 -04:00 [INF] Start processing HTTP request GET "https://localhost:4141/Gateway"
2025-09-30 15:47:26.514 -04:00 [INF] Sending HTTP request GET "https://localhost:4141/Gateway"
2025-09-30 15:47:26.631 -04:00 [INF] Received HTTP response headers after 113.9981ms - 200
2025-09-30 15:47:26.635 -04:00 [INF] End processing HTTP request after 124.3847ms - 200
2025-09-30 15:47:26.639 -04:00 [INF] Successfully retrieved 2 games from API.
2025-09-30 15:47:26.641 -04:00 [INF] Game ID 1 Content URL: https://localhost:1948/js/snake.js
2025-09-30 15:47:26.644 -04:00 [INF] Game ID 2 Content URL: https://localhost:2626/js/tetris.js
2025-09-30 15:47:26.647 -04:00 [INF] GameSuccess: User requested to play game with ID 4.
2025-09-30 15:47:26.650 -04:00 [WRN] GameSuccess: Game with ID 4 not found.
2025-09-30 15:47:26.654 -04:00 [INF] Executing StatusCodeResult, setting HTTP status code 404
2025-09-30 15:47:26.656 -04:00 [INF] Executed action BucStop.Controllers.GamesController.Play (BucStop) in 145.7462ms
2025-09-30 15:47:26.657 -04:00 [INF] Executed endpoint 'BucStop.Controllers.GamesController.Play (BucStop)'
2025-09-30 15:47:26.659 -04:00 [INF] Request finished HTTP/2 GET https://localhost:7182/Games/Play/4 - - - 404 0 - 169.9903ms
2025-09-30 15:56:19.360 -04:00 [INF] User profile is available. Using 'C:\Users\zealo\AppData\Local\ASP.NET\DataProtection-Keys' as key repository and Windows DPAPI to encrypt keys at rest.
2025-09-30 15:56:19.562 -04:00 [INF] Start processing HTTP request GET "https://localhost:4141/health"
2025-09-30 15:56:19.598 -04:00 [INF] Sending HTTP request GET "https://localhost:4141/health"
2025-09-30 15:56:20.601 -04:00 [INF] Now listening on: https://localhost:7182
2025-09-30 15:56:20.660 -04:00 [INF] Now listening on: http://localhost:5230
2025-09-30 15:56:20.818 -04:00 [INF] Application started. Press Ctrl+C to shut down.
2025-09-30 15:56:20.846 -04:00 [INF] Hosting environment: Development
2025-09-30 15:56:20.847 -04:00 [INF] Content root path: C:\Users\zealo\Downloads\GGB_Buckstop_-main\GGB_Buckstop_-main\Bucstop WebApp\BucStop\
2025-09-30 15:56:20.890 -04:00 [INF] Received HTTP response headers after 1139.1995ms - 200
2025-09-30 15:56:21.150 -04:00 [INF] End processing HTTP request after 1605.5253ms - 200
2025-09-30 15:56:21.166 -04:00 [INF] APIHeartbeat: API GateWay is healthy.
2025-09-30 15:56:21.168 -04:00 [INF] Request starting HTTP/2 GET https://localhost:7182/ - -
2025-09-30 15:56:21.180 -04:00 [INF] Start processing HTTP request GET "https://localhost:1948/health"
2025-09-30 15:56:21.196 -04:00 [INF] Sending HTTP request GET "https://localhost:1948/health"
2025-09-30 15:56:21.456 -04:00 [INF] Received HTTP response headers after 198.9393ms - 200
2025-09-30 15:56:21.475 -04:00 [INF] End processing HTTP request after 294.7156ms - 200
2025-09-30 15:56:21.478 -04:00 [INF] APIHeartbeat: Snake is healthy.
2025-09-30 15:56:21.481 -04:00 [INF] Start processing HTTP request GET "https://localhost:2626/health"
2025-09-30 15:56:21.522 -04:00 [INF] Sending HTTP request GET "https://localhost:2626/health"
2025-09-30 15:56:21.569 -04:00 [INF] Executing endpoint 'BucStop.Controllers.HomeController.Index (BucStop)'
2025-09-30 15:56:21.662 -04:00 [INF] Route matched with {action = "Index", controller = "Home"}. Executing controller action with signature System.Threading.Tasks.Task`1[Microsoft.AspNetCore.Mvc.IActionResult] Index() on controller BucStop.Controllers.HomeController (BucStop).
2025-09-30 15:56:21.681 -04:00 [INF] Start processing HTTP request GET "https://localhost:4141/Gateway"
2025-09-30 15:56:21.685 -04:00 [INF] Sending HTTP request GET "https://localhost:4141/Gateway"
2025-09-30 15:56:22.203 -04:00 [INF] Received HTTP response headers after 659.7065ms - 200
2025-09-30 15:56:22.213 -04:00 [INF] End processing HTTP request after 732.5006ms - 200
2025-09-30 15:56:22.243 -04:00 [INF] Received HTTP response headers after 556.9214ms - 200
2025-09-30 15:56:22.246 -04:00 [INF] APIHeartbeat: Tetris is healthy.
2025-09-30 15:56:22.247 -04:00 [INF] End processing HTTP request after 566.6813ms - 200
2025-09-30 15:56:22.254 -04:00 [INF] Start processing HTTP request GET "https://localhost:1941/health"
2025-09-30 15:56:22.256 -04:00 [INF] Sending HTTP request GET "https://localhost:1941/health"
2025-09-30 15:56:22.293 -04:00 [INF] Successfully retrieved 2 games from API.
2025-09-30 15:56:22.308 -04:00 [INF] Game ID 1 Content URL: https://localhost:1948/js/snake.js
2025-09-30 15:56:22.312 -04:00 [INF] Game ID 2 Content URL: https://localhost:2626/js/tetris.js
2025-09-30 15:56:22.334 -04:00 [INF] Executing ViewResult, running view Index.
2025-09-30 15:56:22.800 -04:00 [INF] Received HTTP response headers after 540.7405ms - 200
2025-09-30 15:56:22.809 -04:00 [INF] Executed ViewResult - view Index executed in 477.4704ms.
2025-09-30 15:56:22.845 -04:00 [INF] Request starting HTTP/2 GET https://localhost:7182/BucStop.styles.css?v=Sd3IgD3NieeJLK6rZxdJJWUa7GB4nozqFL2puUuPXjk - -
2025-09-30 15:56:22.828 -04:00 [INF] End processing HTTP request after 573.7664ms - 200
2025-09-30 15:56:22.860 -04:00 [INF] Executed action BucStop.Controllers.HomeController.Index (BucStop) in 1189.389ms
2025-09-30 15:56:22.868 -04:00 [INF] Request starting HTTP/2 GET https://localhost:7182/_framework/aspnetcore-browser-refresh.js - -
2025-09-30 15:56:22.873 -04:00 [INF] APIHeartbeat: Pong is healthy.
2025-09-30 15:56:22.875 -04:00 [INF] Executed endpoint 'BucStop.Controllers.HomeController.Index (BucStop)'
2025-09-30 15:56:22.887 -04:00 [INF] Request finished HTTP/2 GET https://localhost:7182/_framework/aspnetcore-browser-refresh.js - - - 200 16499 application/javascript;+charset=utf-8 17.6636ms
2025-09-30 15:56:22.889 -04:00 [INF] The file /BucStop.styles.css was not modified
2025-09-30 15:56:22.894 -04:00 [INF] Request finished HTTP/2 GET https://localhost:7182/ - - - 200 - text/html;+charset=utf-8 1737.5439ms
2025-09-30 15:56:22.920 -04:00 [INF] Request finished HTTP/2 GET https://localhost:7182/BucStop.styles.css?v=Sd3IgD3NieeJLK6rZxdJJWUa7GB4nozqFL2puUuPXjk - - - 304 - text/css 75.1915ms
2025-09-30 15:56:22.920 -04:00 [INF] Request starting HTTP/2 GET https://localhost:7182/_vs/browserLink - -
2025-09-30 15:56:23.209 -04:00 [INF] Request finished HTTP/2 GET https://localhost:7182/_vs/browserLink - - - 200 - text/javascript;+charset=UTF-8 289.1532ms
2025-09-30 15:56:55.355 -04:00 [INF] Request starting HTTP/2 GET https://localhost:7182/Games - -
2025-09-30 15:56:55.368 -04:00 [INF] Executing endpoint 'BucStop.Controllers.GamesController.IndexAsync (BucStop)'
2025-09-30 15:56:55.374 -04:00 [INF] Route matched with {action = "Index", controller = "Games"}. Executing controller action with signature System.Threading.Tasks.Task`1[Microsoft.AspNetCore.Mvc.IActionResult] IndexAsync() on controller BucStop.Controllers.GamesController (BucStop).
2025-09-30 15:56:55.376 -04:00 [INF] Start processing HTTP request GET "https://localhost:4141/Gateway"
2025-09-30 15:56:55.377 -04:00 [INF] Sending HTTP request GET "https://localhost:4141/Gateway"
2025-09-30 15:56:55.442 -04:00 [INF] Received HTTP response headers after 64.2295ms - 200
2025-09-30 15:56:55.443 -04:00 [INF] End processing HTTP request after 67.7927ms - 200
2025-09-30 15:56:55.447 -04:00 [INF] Successfully retrieved 2 games from API.
2025-09-30 15:56:55.447 -04:00 [INF] Game ID 1 Content URL: https://localhost:1948/js/snake.js
2025-09-30 15:56:55.449 -04:00 [INF] Game ID 2 Content URL: https://localhost:2626/js/tetris.js
2025-09-30 15:56:55.459 -04:00 [INF] Games index page accessed.
2025-09-30 15:56:55.460 -04:00 [INF] PageLoadTimes: Games Page Loaded in 0ms.
2025-09-30 15:56:55.467 -04:00 [INF] UserActivity: emerines@etsu.edu accessed the games index page.
2025-09-30 15:56:55.472 -04:00 [INF] Executing ViewResult, running view Index.
2025-09-30 15:56:55.480 -04:00 [INF] Executed ViewResult - view Index executed in 8.4773ms.
2025-09-30 15:56:55.482 -04:00 [INF] Executed action BucStop.Controllers.GamesController.IndexAsync (BucStop) in 106.2261ms
2025-09-30 15:56:55.484 -04:00 [INF] Executed endpoint 'BucStop.Controllers.GamesController.IndexAsync (BucStop)'
2025-09-30 15:56:55.485 -04:00 [INF] Request finished HTTP/2 GET https://localhost:7182/Games - - - 200 - text/html;+charset=utf-8 129.9668ms
2025-09-30 15:56:55.510 -04:00 [INF] Request starting HTTP/2 GET https://localhost:7182/_vs/browserLink - -
2025-09-30 15:56:55.511 -04:00 [INF] Request starting HTTP/2 GET https://localhost:7182/_framework/aspnetcore-browser-refresh.js - -
2025-09-30 15:56:55.514 -04:00 [INF] Request finished HTTP/2 GET https://localhost:7182/_framework/aspnetcore-browser-refresh.js - - - 200 16499 application/javascript;+charset=utf-8 3.6073ms
2025-09-30 15:56:55.544 -04:00 [INF] Request finished HTTP/2 GET https://localhost:7182/_vs/browserLink - - - 200 - text/javascript;+charset=UTF-8 34.3527ms
2025-09-30 15:56:59.959 -04:00 [INF] Request starting HTTP/2 GET https://localhost:7182/Games/Play/1 - -
2025-09-30 15:56:59.968 -04:00 [INF] Executing endpoint 'BucStop.Controllers.GamesController.Play (BucStop)'
2025-09-30 15:56:59.984 -04:00 [INF] Route matched with {action = "Play", controller = "Games"}. Executing controller action with signature System.Threading.Tasks.Task`1[Microsoft.AspNetCore.Mvc.IActionResult] Play(Int32) on controller BucStop.Controllers.GamesController (BucStop).
2025-09-30 15:56:59.989 -04:00 [INF] Start processing HTTP request GET "https://localhost:4141/Gateway"
2025-09-30 15:56:59.990 -04:00 [INF] Sending HTTP request GET "https://localhost:4141/Gateway"
2025-09-30 15:57:00.049 -04:00 [INF] Received HTTP response headers after 57.8339ms - 200
2025-09-30 15:57:00.052 -04:00 [INF] End processing HTTP request after 62.9585ms - 200
2025-09-30 15:57:00.054 -04:00 [INF] Successfully retrieved 2 games from API.
2025-09-30 15:57:00.055 -04:00 [INF] Game ID 1 Content URL: https://localhost:1948/js/snake.js
2025-09-30 15:57:00.057 -04:00 [INF] Game ID 2 Content URL: https://localhost:2626/js/tetris.js
2025-09-30 15:57:00.077 -04:00 [INF] GameSuccess: User requested to play game with ID 1.
2025-09-30 15:57:00.085 -04:00 [INF] Loading game URL: https://localhost:1948/js/snake.js
2025-09-30 15:57:00.112 -04:00 [INF] GameSuccess: Game 'Snake' (ID: 1) successfully loaded.
2025-09-30 15:57:00.114 -04:00 [INF] UserActivity: emerines@etsu.edu started playing 'Snake' (ID: 1).
2025-09-30 15:57:00.115 -04:00 [INF] PageLoadTimes: Snake Page Loaded in 30ms.
2025-09-30 15:57:00.118 -04:00 [INF] Executing ViewResult, running view Play.
2025-09-30 15:57:00.121 -04:00 [INF] Executed ViewResult - view Play executed in 4.5675ms.
2025-09-30 15:57:00.122 -04:00 [INF] Executed action BucStop.Controllers.GamesController.Play (BucStop) in 133.9895ms
2025-09-30 15:57:00.123 -04:00 [INF] Executed endpoint 'BucStop.Controllers.GamesController.Play (BucStop)'
2025-09-30 15:57:00.124 -04:00 [INF] Request finished HTTP/2 GET https://localhost:7182/Games/Play/1 - - - 200 - text/html;+charset=utf-8 165.3227ms
2025-09-30 15:57:00.142 -04:00 [INF] Request starting HTTP/2 GET https://localhost:7182/_vs/browserLink - -
2025-09-30 15:57:00.142 -04:00 [INF] Request starting HTTP/2 GET https://localhost:7182/_framework/aspnetcore-browser-refresh.js - -
2025-09-30 15:57:00.151 -04:00 [INF] Request finished HTTP/2 GET https://localhost:7182/_framework/aspnetcore-browser-refresh.js - - - 200 16499 application/javascript;+charset=utf-8 9.3158ms
2025-09-30 15:57:00.162 -04:00 [INF] Request finished HTTP/2 GET https://localhost:7182/_vs/browserLink - - - 200 - text/javascript;+charset=UTF-8 19.2781ms
2025-09-30 15:57:02.863 -04:00 [INF] Request starting HTTP/2 GET https://localhost:7182/Games/Play/2 - -
2025-09-30 15:57:02.868 -04:00 [INF] Executing endpoint 'BucStop.Controllers.GamesController.Play (BucStop)'
2025-09-30 15:57:02.870 -04:00 [INF] Route matched with {action = "Play", controller = "Games"}. Executing controller action with signature System.Threading.Tasks.Task`1[Microsoft.AspNetCore.Mvc.IActionResult] Play(Int32) on controller BucStop.Controllers.GamesController (BucStop).
2025-09-30 15:57:02.872 -04:00 [INF] Start processing HTTP request GET "https://localhost:4141/Gateway"
2025-09-30 15:57:02.873 -04:00 [INF] Sending HTTP request GET "https://localhost:4141/Gateway"
2025-09-30 15:57:02.923 -04:00 [INF] Received HTTP response headers after 49.6432ms - 200
2025-09-30 15:57:02.924 -04:00 [INF] End processing HTTP request after 52.2658ms - 200
2025-09-30 15:57:02.925 -04:00 [INF] Successfully retrieved 2 games from API.
2025-09-30 15:57:02.926 -04:00 [INF] Game ID 1 Content URL: https://localhost:1948/js/snake.js
2025-09-30 15:57:02.926 -04:00 [INF] Game ID 2 Content URL: https://localhost:2626/js/tetris.js
2025-09-30 15:57:02.928 -04:00 [INF] GameSuccess: User requested to play game with ID 2.
2025-09-30 15:57:02.929 -04:00 [INF] Loading game URL: https://localhost:2626/js/tetris.js
2025-09-30 15:57:02.930 -04:00 [INF] GameSuccess: Game 'Tetris' (ID: 2) successfully loaded.
2025-09-30 15:57:02.933 -04:00 [INF] UserActivity: emerines@etsu.edu started playing 'Tetris' (ID: 2).
2025-09-30 15:57:02.936 -04:00 [INF] PageLoadTimes: Tetris Page Loaded in 7ms.
2025-09-30 15:57:02.938 -04:00 [INF] Executing ViewResult, running view Play.
2025-09-30 15:57:02.939 -04:00 [INF] Executed ViewResult - view Play executed in 1.476ms.
2025-09-30 15:57:02.940 -04:00 [INF] Executed action BucStop.Controllers.GamesController.Play (BucStop) in 68.7815ms
2025-09-30 15:57:02.942 -04:00 [INF] Executed endpoint 'BucStop.Controllers.GamesController.Play (BucStop)'
2025-09-30 15:57:02.943 -04:00 [INF] Request finished HTTP/2 GET https://localhost:7182/Games/Play/2 - - - 200 - text/html;+charset=utf-8 80.2193ms
2025-09-30 15:57:02.959 -04:00 [INF] Request starting HTTP/2 GET https://localhost:7182/_framework/aspnetcore-browser-refresh.js - -
2025-09-30 15:57:02.960 -04:00 [INF] Request starting HTTP/2 GET https://localhost:7182/_vs/browserLink - -
2025-09-30 15:57:02.960 -04:00 [INF] Request finished HTTP/2 GET https://localhost:7182/_framework/aspnetcore-browser-refresh.js - - - 200 16499 application/javascript;+charset=utf-8 1.1226ms
2025-09-30 15:57:02.964 -04:00 [INF] Request finished HTTP/2 GET https://localhost:7182/_vs/browserLink - - - 200 - text/javascript;+charset=UTF-8 4.9535ms
2025-09-30 15:57:06.039 -04:00 [INF] Request starting HTTP/2 GET https://localhost:7182/_framework/aspnetcore-browser-refresh.js - -
2025-09-30 15:57:06.040 -04:00 [INF] Request finished HTTP/2 GET https://localhost:7182/_framework/aspnetcore-browser-refresh.js - - - 200 16499 application/javascript;+charset=utf-8 1.1061ms
2025-09-30 15:57:08.886 -04:00 [INF] Request starting HTTP/2 GET https://localhost:7182/Games/Play/3 - -
2025-09-30 15:57:08.889 -04:00 [INF] Executing endpoint 'BucStop.Controllers.GamesController.Play (BucStop)'
2025-09-30 15:57:08.890 -04:00 [INF] Route matched with {action = "Play", controller = "Games"}. Executing controller action with signature System.Threading.Tasks.Task`1[Microsoft.AspNetCore.Mvc.IActionResult] Play(Int32) on controller BucStop.Controllers.GamesController (BucStop).
2025-09-30 15:57:08.893 -04:00 [INF] Start processing HTTP request GET "https://localhost:4141/Gateway"
2025-09-30 15:57:08.894 -04:00 [INF] Sending HTTP request GET "https://localhost:4141/Gateway"
2025-09-30 15:57:08.943 -04:00 [INF] Received HTTP response headers after 48.0959ms - 200
2025-09-30 15:57:08.944 -04:00 [INF] End processing HTTP request after 50.9932ms - 200
2025-09-30 15:57:08.945 -04:00 [INF] Successfully retrieved 2 games from API.
2025-09-30 15:57:08.946 -04:00 [INF] Game ID 1 Content URL: https://localhost:1948/js/snake.js
2025-09-30 15:57:08.946 -04:00 [INF] Game ID 2 Content URL: https://localhost:2626/js/tetris.js
2025-09-30 15:57:08.948 -04:00 [INF] GameSuccess: User requested to play game with ID 3.
2025-09-30 15:57:08.949 -04:00 [WRN] GameSuccess: Game with ID 3 not found.
2025-09-30 15:57:08.957 -04:00 [INF] Executing StatusCodeResult, setting HTTP status code 404
2025-09-30 15:57:08.958 -04:00 [INF] Executed action BucStop.Controllers.GamesController.Play (BucStop) in 65.508ms
2025-09-30 15:57:08.960 -04:00 [INF] Executed endpoint 'BucStop.Controllers.GamesController.Play (BucStop)'
2025-09-30 15:57:08.961 -04:00 [INF] Request finished HTTP/2 GET https://localhost:7182/Games/Play/3 - - - 404 0 - 74.6292ms
2025-09-30 15:57:16.207 -04:00 [INF] Request starting HTTP/2 GET https://localhost:7182/Games/Play/4 - -
2025-09-30 15:57:16.212 -04:00 [INF] Executing endpoint 'BucStop.Controllers.GamesController.Play (BucStop)'
2025-09-30 15:57:16.215 -04:00 [INF] Route matched with {action = "Play", controller = "Games"}. Executing controller action with signature System.Threading.Tasks.Task`1[Microsoft.AspNetCore.Mvc.IActionResult] Play(Int32) on controller BucStop.Controllers.GamesController (BucStop).
2025-09-30 15:57:16.218 -04:00 [INF] Start processing HTTP request GET "https://localhost:4141/Gateway"
2025-09-30 15:57:16.221 -04:00 [INF] Sending HTTP request GET "https://localhost:4141/Gateway"
2025-09-30 15:57:16.275 -04:00 [INF] Received HTTP response headers after 51.258ms - 200
2025-09-30 15:57:16.276 -04:00 [INF] End processing HTTP request after 58.558ms - 200
2025-09-30 15:57:16.277 -04:00 [INF] Successfully retrieved 2 games from API.
2025-09-30 15:57:16.278 -04:00 [INF] Game ID 1 Content URL: https://localhost:1948/js/snake.js
2025-09-30 15:57:16.279 -04:00 [INF] Game ID 2 Content URL: https://localhost:2626/js/tetris.js
2025-09-30 15:57:16.281 -04:00 [INF] GameSuccess: User requested to play game with ID 4.
2025-09-30 15:57:16.283 -04:00 [WRN] GameSuccess: Game with ID 4 not found.
2025-09-30 15:57:16.285 -04:00 [INF] Executing StatusCodeResult, setting HTTP status code 404
2025-09-30 15:57:16.287 -04:00 [INF] Executed action BucStop.Controllers.GamesController.Play (BucStop) in 69.4759ms
2025-09-30 15:57:16.289 -04:00 [INF] Executed endpoint 'BucStop.Controllers.GamesController.Play (BucStop)'
2025-09-30 15:57:16.290 -04:00 [INF] Request finished HTTP/2 GET https://localhost:7182/Games/Play/4 - - - 404 0 - 83.3939ms
2025-09-30 16:01:29.711 -04:00 [INF] User profile is available. Using 'C:\Users\zealo\AppData\Local\ASP.NET\DataProtection-Keys' as key repository and Windows DPAPI to encrypt keys at rest.
2025-09-30 16:01:29.953 -04:00 [INF] Start processing HTTP request GET "https://localhost:4141/health"
2025-09-30 16:01:30.061 -04:00 [INF] Sending HTTP request GET "https://localhost:4141/health"
2025-09-30 16:01:30.551 -04:00 [INF] Now listening on: https://localhost:7182
2025-09-30 16:01:30.554 -04:00 [INF] Now listening on: http://localhost:5230
2025-09-30 16:01:30.650 -04:00 [INF] Application started. Press Ctrl+C to shut down.
2025-09-30 16:01:30.662 -04:00 [INF] Hosting environment: Development
2025-09-30 16:01:30.663 -04:00 [INF] Received HTTP response headers after 589.5432ms - 200
2025-09-30 16:01:30.672 -04:00 [INF] Content root path: C:\Users\zealo\Downloads\GGB_Buckstop_-main\GGB_Buckstop_-main\Bucstop WebApp\BucStop\
2025-09-30 16:01:30.681 -04:00 [INF] End processing HTTP request after 754.5406ms - 200
2025-09-30 16:01:30.715 -04:00 [INF] APIHeartbeat: API GateWay is healthy.
2025-09-30 16:01:30.724 -04:00 [INF] Start processing HTTP request GET "https://localhost:1948/health"
2025-09-30 16:01:30.727 -04:00 [INF] Sending HTTP request GET "https://localhost:1948/health"
2025-09-30 16:01:30.895 -04:00 [INF] Received HTTP response headers after 167.1135ms - 200
2025-09-30 16:01:30.902 -04:00 [INF] End processing HTTP request after 177.0572ms - 200
2025-09-30 16:01:30.907 -04:00 [INF] APIHeartbeat: Snake is healthy.
2025-09-30 16:01:30.917 -04:00 [INF] Start processing HTTP request GET "https://localhost:2626/health"
2025-09-30 16:01:30.919 -04:00 [INF] Sending HTTP request GET "https://localhost:2626/health"
2025-09-30 16:01:31.194 -04:00 [INF] Request starting HTTP/2 GET https://localhost:7182/ - -
2025-09-30 16:01:31.259 -04:00 [INF] Received HTTP response headers after 229.4551ms - 200
2025-09-30 16:01:31.262 -04:00 [INF] End processing HTTP request after 344.7258ms - 200
2025-09-30 16:01:31.264 -04:00 [INF] APIHeartbeat: Tetris is healthy.
2025-09-30 16:01:31.265 -04:00 [INF] Start processing HTTP request GET "https://localhost:1941/health"
2025-09-30 16:01:31.267 -04:00 [INF] Sending HTTP request GET "https://localhost:1941/health"
2025-09-30 16:01:31.467 -04:00 [INF] Executing endpoint 'BucStop.Controllers.HomeController.Index (BucStop)'
2025-09-30 16:01:31.528 -04:00 [INF] Received HTTP response headers after 245.699ms - 200
2025-09-30 16:01:31.547 -04:00 [INF] End processing HTTP request after 281.7892ms - 200
2025-09-30 16:01:31.549 -04:00 [INF] APIHeartbeat: Pong is healthy.
2025-09-30 16:01:31.590 -04:00 [INF] Route matched with {action = "Index", controller = "Home"}. Executing controller action with signature System.Threading.Tasks.Task`1[Microsoft.AspNetCore.Mvc.IActionResult] Index() on controller BucStop.Controllers.HomeController (BucStop).
2025-09-30 16:01:31.603 -04:00 [INF] Start processing HTTP request GET "https://localhost:4141/Gateway"
2025-09-30 16:01:31.604 -04:00 [INF] Sending HTTP request GET "https://localhost:4141/Gateway"
2025-09-30 16:01:31.997 -04:00 [INF] Received HTTP response headers after 391.334ms - 200
2025-09-30 16:01:31.999 -04:00 [INF] End processing HTTP request after 395.99ms - 200
2025-09-30 16:01:32.029 -04:00 [INF] Successfully retrieved 2 games from API.
2025-09-30 16:01:32.032 -04:00 [INF] Game ID 1 Content URL: https://localhost:1948/js/snake.js
2025-09-30 16:01:32.034 -04:00 [INF] Game ID 2 Content URL: https://localhost:2626/js/tetris.js
2025-09-30 16:01:32.052 -04:00 [INF] Executing ViewResult, running view Index.
2025-09-30 16:01:32.384 -04:00 [INF] Executed ViewResult - view Index executed in 337.7064ms.
2025-09-30 16:01:32.386 -04:00 [INF] Executed action BucStop.Controllers.HomeController.Index (BucStop) in 791.6281ms
2025-09-30 16:01:32.388 -04:00 [INF] Executed endpoint 'BucStop.Controllers.HomeController.Index (BucStop)'
2025-09-30 16:01:32.403 -04:00 [INF] Request starting HTTP/2 GET https://localhost:7182/BucStop.styles.css?v=Sd3IgD3NieeJLK6rZxdJJWUa7GB4nozqFL2puUuPXjk - -
2025-09-30 16:01:32.405 -04:00 [INF] Request finished HTTP/2 GET https://localhost:7182/ - - - 200 - text/html;+charset=utf-8 1224.0368ms
2025-09-30 16:01:32.415 -04:00 [INF] Request starting HTTP/2 GET https://localhost:7182/_framework/aspnetcore-browser-refresh.js - -
2025-09-30 16:01:32.431 -04:00 [INF] Request finished HTTP/2 GET https://localhost:7182/_framework/aspnetcore-browser-refresh.js - - - 200 16499 application/javascript;+charset=utf-8 15.0224ms
2025-09-30 16:01:32.440 -04:00 [INF] Request starting HTTP/2 GET https://localhost:7182/_vs/browserLink - -
2025-09-30 16:01:32.444 -04:00 [INF] The file /BucStop.styles.css was not modified
2025-09-30 16:01:32.446 -04:00 [INF] Request finished HTTP/2 GET https://localhost:7182/BucStop.styles.css?v=Sd3IgD3NieeJLK6rZxdJJWUa7GB4nozqFL2puUuPXjk - - - 304 - text/css 42.6426ms
2025-09-30 16:01:32.525 -04:00 [INF] Request finished HTTP/2 GET https://localhost:7182/_vs/browserLink - - - 200 - text/javascript;+charset=UTF-8 85.1776ms
2025-09-30 16:01:51.587 -04:00 [INF] User profile is available. Using 'C:\Users\zealo\AppData\Local\ASP.NET\DataProtection-Keys' as key repository and Windows DPAPI to encrypt keys at rest.
2025-09-30 16:01:51.894 -04:00 [INF] Start processing HTTP request GET "https://localhost:4141/health"
2025-09-30 16:01:51.922 -04:00 [INF] Sending HTTP request GET "https://localhost:4141/health"
2025-09-30 16:01:52.528 -04:00 [INF] Now listening on: https://localhost:7182
2025-09-30 16:01:52.532 -04:00 [INF] Now listening on: http://localhost:5230
2025-09-30 16:01:52.578 -04:00 [INF] Received HTTP response headers after 641.9435ms - 200
2025-09-30 16:01:52.585 -04:00 [INF] End processing HTTP request after 706.4001ms - 200
2025-09-30 16:01:52.597 -04:00 [INF] APIHeartbeat: API GateWay is healthy.
2025-09-30 16:01:52.606 -04:00 [INF] Start processing HTTP request GET "https://localhost:1948/health"
2025-09-30 16:01:52.609 -04:00 [INF] Sending HTTP request GET "https://localhost:1948/health"
2025-09-30 16:01:52.654 -04:00 [INF] Application started. Press Ctrl+C to shut down.
2025-09-30 16:01:52.661 -04:00 [INF] Hosting environment: Development
2025-09-30 16:01:52.667 -04:00 [INF] Content root path: C:\Users\zealo\Downloads\GGB_Buckstop_-main\GGB_Buckstop_-main\Bucstop WebApp\BucStop\
2025-09-30 16:01:52.727 -04:00 [INF] Received HTTP response headers after 115.664ms - 200
2025-09-30 16:01:52.732 -04:00 [INF] End processing HTTP request after 125.5891ms - 200
2025-09-30 16:01:52.735 -04:00 [INF] APIHeartbeat: Snake is healthy.
2025-09-30 16:01:52.741 -04:00 [INF] Start processing HTTP request GET "https://localhost:2626/health"
2025-09-30 16:01:52.743 -04:00 [INF] Sending HTTP request GET "https://localhost:2626/health"
2025-09-30 16:01:53.370 -04:00 [INF] Received HTTP response headers after 623.1652ms - 200
2025-09-30 16:01:53.379 -04:00 [INF] End processing HTTP request after 637.9956ms - 200
2025-09-30 16:01:53.396 -04:00 [INF] APIHeartbeat: Tetris is healthy.
2025-09-30 16:01:53.398 -04:00 [INF] Start processing HTTP request GET "https://localhost:1941/health"
2025-09-30 16:01:53.400 -04:00 [INF] Sending HTTP request GET "https://localhost:1941/health"
2025-09-30 16:01:53.402 -04:00 [INF] Request starting HTTP/2 GET https://localhost:7182/ - -
2025-09-30 16:01:53.641 -04:00 [INF] Received HTTP response headers after 239.3652ms - 200
2025-09-30 16:01:53.660 -04:00 [INF] End processing HTTP request after 261.8359ms - 200
2025-09-30 16:01:53.662 -04:00 [INF] APIHeartbeat: Pong is healthy.
2025-09-30 16:01:53.667 -04:00 [INF] Executing endpoint 'BucStop.Controllers.HomeController.Index (BucStop)'
2025-09-30 16:01:53.763 -04:00 [INF] Route matched with {action = "Index", controller = "Home"}. Executing controller action with signature System.Threading.Tasks.Task`1[Microsoft.AspNetCore.Mvc.IActionResult] Index() on controller BucStop.Controllers.HomeController (BucStop).
2025-09-30 16:01:53.776 -04:00 [INF] Start processing HTTP request GET "https://localhost:4141/Gateway"
2025-09-30 16:01:53.779 -04:00 [INF] Sending HTTP request GET "https://localhost:4141/Gateway"
2025-09-30 16:01:54.379 -04:00 [INF] Received HTTP response headers after 597.6854ms - 200
2025-09-30 16:01:54.381 -04:00 [INF] End processing HTTP request after 605.2344ms - 200
2025-09-30 16:01:54.425 -04:00 [INF] Successfully retrieved 2 games from API.
2025-09-30 16:01:54.429 -04:00 [INF] Game ID 1 Content URL: https://localhost:1948/js/snake.js
2025-09-30 16:01:54.431 -04:00 [INF] Game ID 2 Content URL: https://localhost:2626/js/tetris.js
2025-09-30 16:01:54.449 -04:00 [INF] Executing ViewResult, running view Index.
2025-09-30 16:01:54.782 -04:00 [INF] Executed ViewResult - view Index executed in 338.1346ms.
2025-09-30 16:01:54.788 -04:00 [INF] Executed action BucStop.Controllers.HomeController.Index (BucStop) in 1022.0298ms
2025-09-30 16:01:54.798 -04:00 [INF] Executed endpoint 'BucStop.Controllers.HomeController.Index (BucStop)'
2025-09-30 16:01:54.828 -04:00 [INF] Request finished HTTP/2 GET https://localhost:7182/ - - - 200 - text/html;+charset=utf-8 1435.0768ms
2025-09-30 16:01:54.831 -04:00 [INF] Request starting HTTP/2 GET https://localhost:7182/_vs/browserLink - -
2025-09-30 16:01:54.831 -04:00 [INF] Request starting HTTP/2 GET https://localhost:7182/_framework/aspnetcore-browser-refresh.js - -
2025-09-30 16:01:54.859 -04:00 [INF] Request finished HTTP/2 GET https://localhost:7182/_framework/aspnetcore-browser-refresh.js - - - 200 16499 application/javascript;+charset=utf-8 28.1619ms
2025-09-30 16:01:54.945 -04:00 [INF] Request finished HTTP/2 GET https://localhost:7182/_vs/browserLink - - - 200 - text/javascript;+charset=UTF-8 113.7052ms
2025-09-30 16:02:05.144 -04:00 [INF] Request starting HTTP/2 GET https://localhost:7182/Games - -
2025-09-30 16:02:05.165 -04:00 [INF] Executing endpoint 'BucStop.Controllers.GamesController.IndexAsync (BucStop)'
2025-09-30 16:02:05.169 -04:00 [INF] Route matched with {action = "Index", controller = "Games"}. Executing controller action with signature System.Threading.Tasks.Task`1[Microsoft.AspNetCore.Mvc.IActionResult] IndexAsync() on controller BucStop.Controllers.GamesController (BucStop).
2025-09-30 16:02:05.171 -04:00 [INF] Start processing HTTP request GET "https://localhost:4141/Gateway"
2025-09-30 16:02:05.173 -04:00 [INF] Sending HTTP request GET "https://localhost:4141/Gateway"
2025-09-30 16:02:05.239 -04:00 [INF] Received HTTP response headers after 64.6257ms - 200
2025-09-30 16:02:05.241 -04:00 [INF] End processing HTTP request after 69.6355ms - 200
2025-09-30 16:02:05.244 -04:00 [INF] Successfully retrieved 2 games from API.
2025-09-30 16:02:05.245 -04:00 [INF] Game ID 2 Content URL: https://localhost:2626/js/tetris.js
2025-09-30 16:02:05.246 -04:00 [INF] Game ID 1 Content URL: https://localhost:1948/js/snake.js
2025-09-30 16:02:05.255 -04:00 [INF] Games index page accessed.
2025-09-30 16:02:05.258 -04:00 [INF] PageLoadTimes: Games Page Loaded in 1ms.
2025-09-30 16:02:05.265 -04:00 [INF] UserActivity: emerines@etsu.edu accessed the games index page.
2025-09-30 16:02:05.271 -04:00 [INF] Executing ViewResult, running view Index.
2025-09-30 16:02:05.280 -04:00 [INF] Executed ViewResult - view Index executed in 9.1302ms.
2025-09-30 16:02:05.281 -04:00 [INF] Executed action BucStop.Controllers.GamesController.IndexAsync (BucStop) in 110.3505ms
2025-09-30 16:02:05.283 -04:00 [INF] Executed endpoint 'BucStop.Controllers.GamesController.IndexAsync (BucStop)'
2025-09-30 16:02:05.285 -04:00 [INF] Request finished HTTP/2 GET https://localhost:7182/Games - - - 200 - text/html;+charset=utf-8 141.0401ms
2025-09-30 16:02:05.305 -04:00 [INF] Request starting HTTP/2 GET https://localhost:7182/_vs/browserLink - -
2025-09-30 16:02:05.305 -04:00 [INF] Request starting HTTP/2 GET https://localhost:7182/_framework/aspnetcore-browser-refresh.js - -
2025-09-30 16:02:05.308 -04:00 [INF] Request finished HTTP/2 GET https://localhost:7182/_framework/aspnetcore-browser-refresh.js - - - 200 16499 application/javascript;+charset=utf-8 2.7222ms
2025-09-30 16:02:05.324 -04:00 [INF] Request finished HTTP/2 GET https://localhost:7182/_vs/browserLink - - - 200 - text/javascript;+charset=UTF-8 18.9397ms
2025-09-30 16:09:58.755 -04:00 [INF] User profile is available. Using 'C:\Users\zealo\AppData\Local\ASP.NET\DataProtection-Keys' as key repository and Windows DPAPI to encrypt keys at rest.
2025-09-30 16:09:59.250 -04:00 [INF] Start processing HTTP request GET "https://localhost:4141/health"
2025-09-30 16:09:59.338 -04:00 [INF] Sending HTTP request GET "https://localhost:4141/health"
2025-09-30 16:10:00.054 -04:00 [INF] Now listening on: https://localhost:7182
2025-09-30 16:10:00.056 -04:00 [INF] Now listening on: http://localhost:5230
2025-09-30 16:10:00.077 -04:00 [INF] Received HTTP response headers after 711.4703ms - 200
2025-09-30 16:10:00.089 -04:00 [INF] End processing HTTP request after 854.7559ms - 200
2025-09-30 16:10:00.106 -04:00 [INF] APIHeartbeat: API GateWay is healthy.
2025-09-30 16:10:00.130 -04:00 [INF] Start processing HTTP request GET "https://localhost:1948/health"
2025-09-30 16:10:00.142 -04:00 [INF] Sending HTTP request GET "https://localhost:1948/health"
2025-09-30 16:10:00.178 -04:00 [INF] Application started. Press Ctrl+C to shut down.
2025-09-30 16:10:00.184 -04:00 [INF] Hosting environment: Development
2025-09-30 16:10:00.186 -04:00 [INF] Content root path: C:\Users\zealo\Downloads\GGB_Buckstop_-main\GGB_Buckstop_-main\Bucstop WebApp\BucStop\
2025-09-30 16:10:00.230 -04:00 [INF] Received HTTP response headers after 84.9838ms - 200
2025-09-30 16:10:00.233 -04:00 [INF] End processing HTTP request after 103.3566ms - 200
2025-09-30 16:10:00.235 -04:00 [INF] APIHeartbeat: Snake is healthy.
2025-09-30 16:10:00.236 -04:00 [INF] Start processing HTTP request GET "https://localhost:2626/health"
2025-09-30 16:10:00.240 -04:00 [INF] Sending HTTP request GET "https://localhost:2626/health"
2025-09-30 16:10:00.310 -04:00 [INF] Received HTTP response headers after 68.7876ms - 200
2025-09-30 16:10:00.313 -04:00 [INF] End processing HTTP request after 76.6598ms - 200
2025-09-30 16:10:00.313 -04:00 [INF] APIHeartbeat: Tetris is healthy.
2025-09-30 16:10:00.314 -04:00 [INF] Start processing HTTP request GET "https://localhost:1941/health"
2025-09-30 16:10:00.316 -04:00 [INF] Sending HTTP request GET "https://localhost:1941/health"
2025-09-30 16:10:00.635 -04:00 [INF] Received HTTP response headers after 316.886ms - 200
2025-09-30 16:10:00.642 -04:00 [INF] End processing HTTP request after 327.5972ms - 200
2025-09-30 16:10:00.651 -04:00 [INF] APIHeartbeat: Pong is healthy.
2025-09-30 16:10:00.858 -04:00 [INF] Request starting HTTP/2 GET https://localhost:7182/ - -
2025-09-30 16:10:01.182 -04:00 [INF] Executing endpoint 'BucStop.Controllers.HomeController.Index (BucStop)'
2025-09-30 16:10:01.260 -04:00 [INF] Route matched with {action = "Index", controller = "Home"}. Executing controller action with signature System.Threading.Tasks.Task`1[Microsoft.AspNetCore.Mvc.IActionResult] Index() on controller BucStop.Controllers.HomeController (BucStop).
2025-09-30 16:10:01.279 -04:00 [INF] Start processing HTTP request GET "https://localhost:4141/Gateway"
2025-09-30 16:10:01.289 -04:00 [INF] Sending HTTP request GET "https://localhost:4141/Gateway"
2025-09-30 16:10:01.744 -04:00 [INF] Received HTTP response headers after 451.1861ms - 200
2025-09-30 16:10:01.747 -04:00 [INF] End processing HTTP request after 468.205ms - 200
2025-09-30 16:10:01.779 -04:00 [INF] Successfully retrieved 2 games from API.
2025-09-30 16:10:01.784 -04:00 [INF] Game ID 2 Content URL: https://localhost:2626/js/tetris.js
2025-09-30 16:10:01.792 -04:00 [INF] Game ID 1 Content URL: https://localhost:1948/js/snake.js
2025-09-30 16:10:01.812 -04:00 [INF] Executing ViewResult, running view Index.
2025-09-30 16:10:02.178 -04:00 [INF] Executed ViewResult - view Index executed in 370.1076ms.
2025-09-30 16:10:02.190 -04:00 [INF] Executed action BucStop.Controllers.HomeController.Index (BucStop) in 923.9514ms
2025-09-30 16:10:02.199 -04:00 [INF] Request starting HTTP/2 GET https://localhost:7182/BucStop.styles.css?v=Sd3IgD3NieeJLK6rZxdJJWUa7GB4nozqFL2puUuPXjk - -
2025-09-30 16:10:02.204 -04:00 [INF] Executed endpoint 'BucStop.Controllers.HomeController.Index (BucStop)'
2025-09-30 16:10:02.211 -04:00 [INF] Request starting HTTP/2 GET https://localhost:7182/_framework/aspnetcore-browser-refresh.js - -
2025-09-30 16:10:02.222 -04:00 [INF] Request finished HTTP/2 GET https://localhost:7182/_framework/aspnetcore-browser-refresh.js - - - 200 16499 application/javascript;+charset=utf-8 9.7169ms
2025-09-30 16:10:02.223 -04:00 [INF] Request finished HTTP/2 GET https://localhost:7182/ - - - 200 - text/html;+charset=utf-8 1374.1517ms
2025-09-30 16:10:02.224 -04:00 [INF] Request starting HTTP/2 GET https://localhost:7182/_vs/browserLink - -
2025-09-30 16:10:02.241 -04:00 [INF] The file /BucStop.styles.css was not modified
2025-09-30 16:10:02.243 -04:00 [INF] Request finished HTTP/2 GET https://localhost:7182/BucStop.styles.css?v=Sd3IgD3NieeJLK6rZxdJJWUa7GB4nozqFL2puUuPXjk - - - 304 - text/css 43.7127ms
2025-09-30 16:10:02.316 -04:00 [INF] Request finished HTTP/2 GET https://localhost:7182/_vs/browserLink - - - 200 - text/javascript;+charset=UTF-8 92.1537ms
2025-09-30 16:10:06.613 -04:00 [INF] Request starting HTTP/2 GET https://localhost:7182/Games - -
2025-09-30 16:10:06.628 -04:00 [INF] Executing endpoint 'BucStop.Controllers.GamesController.IndexAsync (BucStop)'
2025-09-30 16:10:06.635 -04:00 [INF] Route matched with {action = "Index", controller = "Games"}. Executing controller action with signature System.Threading.Tasks.Task`1[Microsoft.AspNetCore.Mvc.IActionResult] IndexAsync() on controller BucStop.Controllers.GamesController (BucStop).
2025-09-30 16:10:06.638 -04:00 [INF] Start processing HTTP request GET "https://localhost:4141/Gateway"
2025-09-30 16:10:06.639 -04:00 [INF] Sending HTTP request GET "https://localhost:4141/Gateway"
2025-09-30 16:10:06.722 -04:00 [INF] Received HTTP response headers after 81.1416ms - 200
2025-09-30 16:10:06.724 -04:00 [INF] End processing HTTP request after 86.0982ms - 200
2025-09-30 16:10:06.736 -04:00 [INF] Successfully retrieved 2 games from API.
2025-09-30 16:10:06.737 -04:00 [INF] Game ID 1 Content URL: https://localhost:1948/js/snake.js
2025-09-30 16:10:06.738 -04:00 [INF] Game ID 2 Content URL: https://localhost:2626/js/tetris.js
2025-09-30 16:10:06.746 -04:00 [INF] Games index page accessed.
2025-09-30 16:10:06.747 -04:00 [INF] PageLoadTimes: Games Page Loaded in 0ms.
2025-09-30 16:10:06.753 -04:00 [INF] UserActivity: emerines@etsu.edu accessed the games index page.
2025-09-30 16:10:06.759 -04:00 [INF] Executing ViewResult, running view Index.
2025-09-30 16:10:06.767 -04:00 [INF] Executed ViewResult - view Index executed in 8.4822ms.
2025-09-30 16:10:06.768 -04:00 [INF] Executed action BucStop.Controllers.GamesController.IndexAsync (BucStop) in 130.9835ms
2025-09-30 16:10:06.770 -04:00 [INF] Executed endpoint 'BucStop.Controllers.GamesController.IndexAsync (BucStop)'
2025-09-30 16:10:06.771 -04:00 [INF] Request finished HTTP/2 GET https://localhost:7182/Games - - - 200 - text/html;+charset=utf-8 157.8413ms
2025-09-30 16:10:06.788 -04:00 [INF] Request starting HTTP/2 GET https://localhost:7182/_vs/browserLink - -
2025-09-30 16:10:06.790 -04:00 [INF] Request starting HTTP/2 GET https://localhost:7182/_framework/aspnetcore-browser-refresh.js - -
2025-09-30 16:10:06.792 -04:00 [INF] Request finished HTTP/2 GET https://localhost:7182/_framework/aspnetcore-browser-refresh.js - - - 200 16499 application/javascript;+charset=utf-8 1.7838ms
2025-09-30 16:10:06.809 -04:00 [INF] Request finished HTTP/2 GET https://localhost:7182/_vs/browserLink - - - 200 - text/javascript;+charset=UTF-8 21.1353ms
