2025-09-25 15:08:22.524 -04:00 [INF] User profile is available. Using 'C:\Users\kaira\AppData\Local\ASP.NET\DataProtection-Keys' as key repository and Windows DPAPI to encrypt keys at rest.
2025-09-25 15:08:22.852 -04:00 [INF] Start processing HTTP request GET "https://localhost:4141/health"
2025-09-25 15:08:22.876 -04:00 [INF] Sending HTTP request GET "https://localhost:4141/health"
2025-09-25 15:08:23.524 -04:00 [INF] Now listening on: https://localhost:7182
2025-09-25 15:08:23.529 -04:00 [INF] Now listening on: http://localhost:5230
2025-09-25 15:08:23.619 -04:00 [INF] Application started. Press Ctrl+C to shut down.
2025-09-25 15:08:23.642 -04:00 [INF] Hosting environment: Development
2025-09-25 15:08:23.647 -04:00 [INF] Content root path: C:\Users\kaira\Downloads\GGB_Buckstop_-main\GGB_Buckstop_-main\Bucstop WebApp\BucStop\
2025-09-25 15:08:26.927 -04:00 [INF] Request starting HTTP/2 GET https://localhost:7182/ - -
2025-09-25 15:08:27.163 -04:00 [INF] Executing endpoint 'BucStop.Controllers.HomeController.Index (BucStop)'
2025-09-25 15:08:27.296 -04:00 [ERR] APIHeartbeat: API GateWay heartbeat failed - No connection could be made because the target machine actively refused it. (localhost:4141) url: https://localhost:4141/health
2025-09-25 15:08:27.312 -04:00 [INF] Start processing HTTP request GET "https://localhost:1948/health"
2025-09-25 15:08:27.317 -04:00 [INF] Sending HTTP request GET "https://localhost:1948/health"
2025-09-25 15:08:27.334 -04:00 [INF] Route matched with {action = "Index", controller = "Home"}. Executing controller action with signature System.Threading.Tasks.Task`1[Microsoft.AspNetCore.Mvc.IActionResult] Index() on controller BucStop.Controllers.HomeController (BucStop).
2025-09-25 15:08:27.350 -04:00 [INF] Start processing HTTP request GET "https://localhost:4141/Gateway"
2025-09-25 15:08:27.355 -04:00 [INF] Sending HTTP request GET "https://localhost:4141/Gateway"
2025-09-25 15:08:31.622 -04:00 [ERR] APIHeartbeat: Snake heartbeat failed - No connection could be made because the target machine actively refused it. (localhost:1948) url: https://localhost:1948/health
2025-09-25 15:08:31.782 -04:00 [ERR] APIRequests: API request failed: No connection could be made because the target machine actively refused it. (localhost:4141)
2025-09-25 15:08:31.783 -04:00 [INF] Start processing HTTP request GET "https://localhost:2626/health"
2025-09-25 15:08:31.794 -04:00 [INF] Sending HTTP request GET "https://localhost:2626/health"
2025-09-25 15:08:31.809 -04:00 [WRN] API returned 0 games.
2025-09-25 15:08:31.854 -04:00 [INF] Executing ViewResult, running view Index.
2025-09-25 15:08:32.432 -04:00 [INF] Executed ViewResult - view Index executed in 594.8486ms.
2025-09-25 15:08:32.438 -04:00 [INF] Executed action BucStop.Controllers.HomeController.Index (BucStop) in 5096.5053ms
2025-09-25 15:08:32.441 -04:00 [INF] Executed endpoint 'BucStop.Controllers.HomeController.Index (BucStop)'
2025-09-25 15:08:32.446 -04:00 [INF] Request starting HTTP/2 GET https://localhost:7182/BucStop.styles.css?v=Sd3IgD3NieeJLK6rZxdJJWUa7GB4nozqFL2puUuPXjk - -
2025-09-25 15:08:32.446 -04:00 [INF] Request starting HTTP/2 GET https://localhost:7182/css/site.css?v=wDfMEiksbvT5AvgWtWXFhIIf_kk8CfQRNUi8JE_mzPo - -
2025-09-25 15:08:32.453 -04:00 [INF] Request starting HTTP/2 GET https://localhost:7182/Logo.png - -
2025-09-25 15:08:32.444 -04:00 [INF] Request starting HTTP/2 GET https://localhost:7182/lib/bootstrap/dist/css/bootstrap.min.css - -
2025-09-25 15:08:32.453 -04:00 [INF] Request starting HTTP/2 GET https://localhost:7182/js/hammer.min.js - -
2025-09-25 15:08:32.456 -04:00 [INF] Request starting HTTP/2 GET https://localhost:7182/lib/jquery/dist/jquery.min.js - -
2025-09-25 15:08:32.473 -04:00 [INF] Request finished HTTP/2 GET https://localhost:7182/ - - - 200 - text/html;+charset=utf-8 5550.6405ms
2025-09-25 15:08:32.483 -04:00 [INF] The file /js/hammer.min.js was not modified
2025-09-25 15:08:32.483 -04:00 [INF] The file /lib/jquery/dist/jquery.min.js was not modified
2025-09-25 15:08:32.483 -04:00 [INF] The file /lib/bootstrap/dist/css/bootstrap.min.css was not modified
2025-09-25 15:08:32.483 -04:00 [INF] The file /Logo.png was not modified
2025-09-25 15:08:32.483 -04:00 [INF] The file /BucStop.styles.css was not modified
2025-09-25 15:08:32.483 -04:00 [INF] The file /css/site.css was not modified
2025-09-25 15:08:32.499 -04:00 [INF] Request finished HTTP/2 GET https://localhost:7182/Logo.png - - - 304 - image/png 45.8725ms
2025-09-25 15:08:32.491 -04:00 [INF] Request finished HTTP/2 GET https://localhost:7182/lib/bootstrap/dist/css/bootstrap.min.css - - - 304 - text/css 47.6230ms
2025-09-25 15:08:32.488 -04:00 [INF] Request finished HTTP/2 GET https://localhost:7182/js/hammer.min.js - - - 304 - application/javascript 35.1266ms
2025-09-25 15:08:32.489 -04:00 [INF] Request finished HTTP/2 GET https://localhost:7182/lib/jquery/dist/jquery.min.js - - - 304 - application/javascript 33.0719ms
2025-09-25 15:08:32.509 -04:00 [INF] Request finished HTTP/2 GET https://localhost:7182/BucStop.styles.css?v=Sd3IgD3NieeJLK6rZxdJJWUa7GB4nozqFL2puUuPXjk - - - 304 - text/css 62.6587ms
2025-09-25 15:08:32.511 -04:00 [INF] Request finished HTTP/2 GET https://localhost:7182/css/site.css?v=wDfMEiksbvT5AvgWtWXFhIIf_kk8CfQRNUi8JE_mzPo - - - 304 - text/css 65.3024ms
2025-09-25 15:08:32.543 -04:00 [INF] Request starting HTTP/2 GET https://localhost:7182/_framework/aspnetcore-browser-refresh.js - -
2025-09-25 15:08:32.543 -04:00 [INF] Request starting HTTP/2 GET https://localhost:7182/js/site.js?v=ec1ESHqW6RU7SHnxRpT7rZl2UwSnDgOaex8zCL8wEYk - -
2025-09-25 15:08:32.543 -04:00 [INF] Request starting HTTP/2 GET https://localhost:7182/_vs/browserLink - -
2025-09-25 15:08:32.543 -04:00 [INF] Request starting HTTP/2 GET https://localhost:7182/lib/bootstrap/dist/js/bootstrap.bundle.min.js - -
2025-09-25 15:08:32.548 -04:00 [INF] The file /js/site.js was not modified
2025-09-25 15:08:32.552 -04:00 [INF] The file /lib/bootstrap/dist/js/bootstrap.bundle.min.js was not modified
2025-09-25 15:08:32.553 -04:00 [INF] Request finished HTTP/2 GET https://localhost:7182/_framework/aspnetcore-browser-refresh.js - - - 200 13750 application/javascript;+charset=utf-8 10.2877ms
2025-09-25 15:08:32.554 -04:00 [INF] Request finished HTTP/2 GET https://localhost:7182/js/site.js?v=ec1ESHqW6RU7SHnxRpT7rZl2UwSnDgOaex8zCL8wEYk - - - 304 - application/javascript 10.7586ms
2025-09-25 15:08:32.562 -04:00 [INF] Request finished HTTP/2 GET https://localhost:7182/lib/bootstrap/dist/js/bootstrap.bundle.min.js - - - 304 - application/javascript 18.9531ms
2025-09-25 15:08:32.565 -04:00 [INF] Request starting HTTP/2 GET https://localhost:7182/images/background.png - -
2025-09-25 15:08:32.574 -04:00 [INF] The file /images/background.png was not modified
2025-09-25 15:08:32.581 -04:00 [INF] Request finished HTTP/2 GET https://localhost:7182/images/background.png - - - 304 - image/png 16.0534ms
2025-09-25 15:08:32.604 -04:00 [INF] Request starting HTTP/2 GET https://localhost:7182/fonts/BebasNeue-Regular.ttf - -
2025-09-25 15:08:32.608 -04:00 [INF] The file /fonts/BebasNeue-Regular.ttf was not modified
2025-09-25 15:08:32.612 -04:00 [INF] Request finished HTTP/2 GET https://localhost:7182/fonts/BebasNeue-Regular.ttf - - - 304 - application/x-font-ttf 7.6861ms
2025-09-25 15:08:32.681 -04:00 [INF] Request finished HTTP/2 GET https://localhost:7182/_vs/browserLink - - - 200 - text/javascript;+charset=UTF-8 138.2595ms
2025-09-25 15:08:32.752 -04:00 [INF] Request starting HTTP/1.1 GET https://localhost:7182/lib/bootstrap/dist/js/bootstrap.bundle.min.js.map - -
2025-09-25 15:08:32.752 -04:00 [INF] Request starting HTTP/1.1 GET https://localhost:7182/js/hammer.min.js.map - -
2025-09-25 15:08:32.766 -04:00 [INF] Request finished HTTP/1.1 GET https://localhost:7182/js/hammer.min.js.map - - - 404 0 - 13.8576ms
2025-09-25 15:08:32.799 -04:00 [INF] Request starting HTTP/2 GET https://localhost:7182/js/hammer.min.js.map - -
2025-09-25 15:08:32.818 -04:00 [INF] Request finished HTTP/2 GET https://localhost:7182/js/hammer.min.js.map - - - 404 0 - 19.6169ms
2025-09-25 15:08:32.822 -04:00 [INF] Sending file. Request path: '/lib/bootstrap/dist/js/bootstrap.bundle.min.js.map'. Physical path: 'C:\Users\kaira\Downloads\GGB_Buckstop_-main\GGB_Buckstop_-main\Bucstop WebApp\BucStop\wwwroot\lib\bootstrap\dist\js\bootstrap.bundle.min.js.map'
2025-09-25 15:08:32.830 -04:00 [INF] Request finished HTTP/1.1 GET https://localhost:7182/lib/bootstrap/dist/js/bootstrap.bundle.min.js.map - - - 200 327261 text/plain 77.9216ms
2025-09-25 15:08:35.991 -04:00 [ERR] APIHeartbeat: Tetris heartbeat failed - No connection could be made because the target machine actively refused it. (localhost:2626) url: https://localhost:2626/health
2025-09-25 15:08:35.999 -04:00 [INF] Start processing HTTP request GET "https://localhost:1941/health"
2025-09-25 15:08:36.007 -04:00 [INF] Sending HTTP request GET "https://localhost:1941/health"
2025-09-25 15:08:40.213 -04:00 [ERR] APIHeartbeat: Pong heartbeat failed - No connection could be made because the target machine actively refused it. (localhost:1941) url: https://localhost:1941/health
